header,215,2,setaudit(2),,Tue 07 Mar 2000 10:33:31 AM EST, + 187475331 msec,argument,1,0x0,setaudit:auid,argument,1,0x600002,setaudit:port,argument,1,0xca4da2d5,setaudit:machine,argument,1,0xffffffff,setaudit:as_success,argument,1,0xffffffff,setaudit:as_failure,argument,1,0xacd,setaudit:asid,subject,root,root,root,root,root,2765,2765,24 2 ppp5-213.iawhk.com,return,success,0,trailer,215
header,130,2,open(2) - read,,Tue 07 Mar 2000 10:33:31 AM EST, + 187475331 msec,path,/etc/security/audit_control,attribute,100640,root,sys,8388608,22818,0,subject,root,root,root,root,root,2765,2765,24 2 ppp5-213.iawhk.com,return,success,4,trailer,130
header,154,2,ioctl(2),,Tue 07 Mar 2000 10:33:31 AM EST, + 187475331 msec,path,/etc/security/audit_control,attribute,100640,root,sys,8388608,22818,0,argument,2,0x5401,cmd,argument,3,0xffbef444,arg,subject,root,root,root,root,root,2765,2765,24 2 ppp5-213.iawhk.com,return,failure: Inappropriate ioctl for device,-1,trailer,154
header,141,2,close(2),,Tue 07 Mar 2000 10:33:31 AM EST, + 187475331 msec,argument,1,0x4,fd,path,/etc/security/audit_control,attribute,100640,root,sys,8388608,22818,0,subject,root,root,root,root,root,2765,2765,24 2 ppp5-213.iawhk.com,return,success,0,trailer,141
header,127,2,open(2) - read,,Tue 07 Mar 2000 10:33:31 AM EST, + 187475331 msec,path,/etc/security/audit_user,attribute,100640,root,sys,8388608,22820,0,subject,root,root,root,root,root,2765,2765,24 2 ppp5-213.iawhk.com,return,success,4,trailer,127
header,151,2,ioctl(2),,Tue 07 Mar 2000 10:33:31 AM EST, + 187475331 msec,path,/etc/security/audit_user,attribute,100640,root,sys,8388608,22820,0,argument,2,0x5401,cmd,argument,3,0xffbef44c,arg,subject,root,root,root,root,root,2765,2765,24 2 ppp5-213.iawhk.com,return,failure: Inappropriate ioctl for device,-1,trailer,151
header,138,2,close(2),,Tue 07 Mar 2000 10:33:31 AM EST, + 187475331 msec,argument,1,0x4,fd,path,/etc/security/audit_user,attribute,100640,root,sys,8388608,22820,0,subject,root,root,root,root,root,2765,2765,24 2 ppp5-213.iawhk.com,return,success,0,trailer,138
header,128,2,open(2) - read,,Tue 07 Mar 2000 10:33:31 AM EST, + 187475331 msec,path,/etc/security/audit_event,attribute,100644,root,sys,8388608,22819,0,subject,root,root,root,root,root,2765,2765,24 2 ppp5-213.iawhk.com,return,success,4,trailer,128
header,152,2,ioctl(2),,Tue 07 Mar 2000 10:33:31 AM EST, + 187475331 msec,path,/etc/security/audit_event,attribute,100644,root,sys,8388608,22819,0,argument,2,0x5401,cmd,argument,3,0xffbef64c,arg,subject,root,root,root,root,root,2765,2765,24 2 ppp5-213.iawhk.com,return,failure: Inappropriate ioctl for device,-1,trailer,152
header,139,2,close(2),,Tue 07 Mar 2000 10:33:31 AM EST, + 197477323 msec,argument,1,0x4,fd,path,/etc/security/audit_event,attribute,100644,root,sys,8388608,22819,0,subject,root,root,root,root,root,2765,2765,24 2 ppp5-213.iawhk.com,return,success,0,trailer,139
header,128,2,open(2) - read,,Tue 07 Mar 2000 10:33:31 AM EST, + 197477323 msec,path,/etc/security/audit_event,attribute,100644,root,sys,8388608,22819,0,subject,root,root,root,root,root,2765,2765,24 2 ppp5-213.iawhk.com,return,success,4,trailer,128
header,152,2,ioctl(2),,Tue 07 Mar 2000 10:33:31 AM EST, + 197477323 msec,path,/etc/security/audit_event,attribute,100644,root,sys,8388608,22819,0,argument,2,0x5401,cmd,argument,3,0xffbef64c,arg,subject,root,root,root,root,root,2765,2765,24 2 ppp5-213.iawhk.com,return,failure: Inappropriate ioctl for device,-1,trailer,152
header,139,2,close(2),,Tue 07 Mar 2000 10:33:31 AM EST, + 207474302 msec,argument,1,0x4,fd,path,/etc/security/audit_event,attribute,100644,root,sys,8388608,22819,0,subject,root,root,root,root,root,2765,2765,24 2 ppp5-213.iawhk.com,return,success,0,trailer,139
header,88,2,login - telnet,,Tue 07 Mar 2000 10:33:31 AM EST, + 207474302 msec,subject,root,root,root,root,root,2765,2765,24 2 ppp5-213.iawhk.com,text,successful login,return,success,0,trailer,88
header,86,2,fork(2),,Tue 07 Mar 2000 10:33:31 AM EST, + 207474302 msec,argument,0,0xace,child PID,subject,root,root,root,root,root,2765,2765,24 2 ppp5-213.iawhk.com,return,success,0,trailer,86
header,80,2,old setgid(2),,Tue 07 Mar 2000 10:33:31 AM EST, + 207474302 msec,argument,1,0x0,gid,subject,root,root,root,root,root,2766,2765,24 2 ppp5-213.iawhk.com,return,success,0,trailer,80
header,113,2,open(2) - read,,Tue 07 Mar 2000 10:33:31 AM EST, + 207474302 msec,path,/etc/group,attribute,100644,root,sys,8388608,34301,0,subject,root,root,root,root,root,2766,2765,24 2 ppp5-213.iawhk.com,return,success,4,trailer,113
header,137,2,ioctl(2),,Tue 07 Mar 2000 10:33:31 AM EST, + 207474302 msec,path,/etc/group,attribute,100644,root,sys,8388608,34301,0,argument,2,0x5401,cmd,argument,3,0xffbef934,arg,subject,root,root,root,root,root,2766,2765,24 2 ppp5-213.iawhk.com,return,failure: Inappropriate ioctl for device,-1,trailer,137
header,124,2,close(2),,Tue 07 Mar 2000 10:33:31 AM EST, + 207474302 msec,argument,1,0x4,fd,path,/etc/group,attribute,100644,root,sys,8388608,34301,0,subject,root,root,root,root,root,2766,2765,24 2 ppp5-213.iawhk.com,return,success,0,trailer,124
header,86,2,setgroups(2),,Tue 07 Mar 2000 10:33:31 AM EST, + 207474302 msec,argument,1,0x0,setgroups,subject,root,root,root,root,root,2766,2765,24 2 ppp5-213.iawhk.com,return,success,0,trailer,86
header,134,2,stat(2),,Tue 07 Mar 2000 10:33:31 AM EST, + 207474302 msec,path,/usr/lib/security/pam_unix.so.1,attribute,100755,root,sys,8388614,45598,0,subject,root,root,root,root,root,2766,2765,24 2 ppp5-213.iawhk.com,return,success,0,trailer,134
header,80,2,old setuid(2),,Tue 07 Mar 2000 10:33:31 AM EST, + 207474302 msec,argument,1,0x0,uid,subject,root,root,root,root,root,2766,2765,24 2 ppp5-213.iawhk.com,return,success,0,trailer,80
header,107,2,chdir(2),,Tue 07 Mar 2000 10:33:31 AM EST, + 207474302 msec,path,/tmp,attribute,41777,sys,sys,1,234893721,0,subject,root,root,root,root,root,2766,2765,24 2 ppp5-213.iawhk.com,return,success,0,trailer,107
header,93,2,munmap(2),,Tue 07 Mar 2000 10:33:31 AM EST, + 217477342 msec,argument,1,0xff0e4000,addr,argument,2,0x4878,len,subject,root,root,root,root,root,2766,2765,24 2 ppp5-213.iawhk.com,return,success,0,trailer,93
header,93,2,munmap(2),,Tue 07 Mar 2000 10:33:31 AM EST, + 217477342 msec,argument,1,0xff0c0000,addr,argument,2,0x14ac6,len,subject,root,root,root,root,root,2766,2765,24 2 ppp5-213.iawhk.com,return,success,0,trailer,93
header,162,2,open(2) - write,,Tue 07 Mar 2000 10:33:31 AM EST, + 217477342 msec,path,/devices/pseudo/log@0:conslog,attribute,20666,root,sys,8388608,34318,5505024,argument,3,0x2,stropen: flag,subject,root,root,root,root,root,2766,2765,24 2 ppp5-213.iawhk.com,return,success,4,trailer,162
header,137,2,open(2) - read,,Tue 07 Mar 2000 10:33:31 AM EST, + 217477342 msec,path,/usr/share/lib/zoneinfo/US/Eastern,attribute,100644,bin,bin,8388614,233564,0,subject,root,root,root,root,root,2766,2765,24 2 ppp5-213.iawhk.com,return,success,5,trailer,137
header,148,2,close(2),,Tue 07 Mar 2000 10:33:31 AM EST, + 217477342 msec,argument,1,0x5,fd,path,/usr/share/lib/zoneinfo/US/Eastern,attribute,100644,bin,bin,8388614,233564,0,subject,root,root,root,root,root,2766,2765,24 2 ppp5-213.iawhk.com,return,success,0,trailer,148
header,91,2,putmsg(2),,Tue 07 Mar 2000 10:33:31 AM EST, + 217477342 msec,argument,1,0x4,fd,argument,4,0x0,pri,subject,root,root,root,root,root,2766,2765,24 2 ppp5-213.iawhk.com,return,success,0,trailer,91
header,120,2,open(2) - read,,Tue 07 Mar 2000 10:33:31 AM EST, + 217477342 msec,path,/etc/.syslog_door,attribute,150644,root,root,46923776,387,46661632,subject,root,root,root,root,root,2766,2765,24 2 ppp5-213.iawhk.com,return,success,5,trailer,120
header,121,2,doorfs(2) - DOOR_CALL,,Tue 07 Mar 2000 10:33:31 AM EST, + 217477342 msec,argument,1,0x5,door ID,process,-2,root,root,root,root,173,0,0,0.0.0.0,subject,root,root,root,root,root,2766,2765,24 2 ppp5-213.iawhk.com,return,success,0,trailer,121
header,131,2,close(2),,Tue 07 Mar 2000 10:33:31 AM EST, + 217477342 msec,argument,1,0x5,fd,path,/etc/.syslog_door,attribute,150644,root,root,46923776,387,46661632,subject,root,root,root,root,root,2766,2765,24 2 ppp5-213.iawhk.com,return,success,0,trailer,131
header,151,2,close(2),,Tue 07 Mar 2000 10:33:31 AM EST, + 217477342 msec,argument,1,0x4,fd,path,/devices/pseudo/log@0:conslog,attribute,20666,root,sys,8388608,34318,5505024,subject,root,root,root,root,root,2766,2765,24 2 ppp5-213.iawhk.com,return,success,0,trailer,151
header,87,2,access(2),,Tue 07 Mar 2000 10:33:31 AM EST, + 217477342 msec,path,/tmp/.hushlogin,subject,root,root,root,root,root,2766,2765,24 2 ppp5-213.iawhk.com,return,failure: No such file or directory,-1,trailer,87
header,126,2,close(2),,Tue 07 Mar 2000 10:33:31 AM EST, + 217477342 msec,path,/etc/.name_service_door,attribute,150444,root,root,46923776,385,46661632,subject,root,root,root,root,root,2766,2765,24 2 ppp5-213.iawhk.com,return,success,0,trailer,126
header,124,2,execve(2),,Tue 07 Mar 2000 10:33:31 AM EST, + 217477342 msec,path,/usr/bin/sh,attribute,100555,bin,root,8388614,17210,0,exec_args,1,-sh,subject,root,root,root,root,root,2766,2765,24 2 ppp5-213.iawhk.com,return,success,0,trailer,124
header,136,2,open(2) - read,,Tue 07 Mar 2000 10:33:31 AM EST, + 217477342 msec,path,/devices/pseudo/mm@0:zero,attribute,20666,root,sys,8388608,34323,3407884,subject,root,root,root,root,root,2766,2765,24 2 ppp5-213.iawhk.com,return,success,3,trailer,136
header,114,2,stat(2),,Tue 07 Mar 2000 10:33:31 AM EST, + 217477342 msec,path,/usr/bin/sh,attribute,100555,bin,root,8388614,17210,0,subject,root,root,root,root,root,2766,2765,24 2 ppp5-213.iawhk.com,return,success,0,trailer,114
header,123,2,open(2) - read,,Tue 07 Mar 2000 10:33:31 AM EST, + 217477342 msec,path,/usr/lib/libgen.so.1,attribute,100755,bin,bin,8388614,5853,0,subject,root,root,root,root,root,2766,2765,24 2 ppp5-213.iawhk.com,return,success,4,trailer,123
header,93,2,munmap(2),,Tue 07 Mar 2000 10:33:31 AM EST, + 217477342 msec,argument,1,0xff376000,addr,argument,2,0xe000,len,subject,root,root,root,root,root,2766,2765,24 2 ppp5-213.iawhk.com,return,success,0,trailer,93
header,134,2,close(2),,Tue 07 Mar 2000 10:33:31 AM EST, + 217477342 msec,argument,1,0x4,fd,path,/usr/lib/libgen.so.1,attribute,100755,bin,bin,8388614,5853,0,subject,root,root,root,root,root,2766,2765,24 2 ppp5-213.iawhk.com,return,success,0,trailer,134
header,121,2,open(2) - read,,Tue 07 Mar 2000 10:33:31 AM EST, + 217477342 msec,path,/usr/lib/libc.so.1,attribute,100755,bin,bin,8388614,5838,0,subject,root,root,root,root,root,2766,2765,24 2 ppp5-213.iawhk.com,return,success,4,trailer,121
header,93,2,munmap(2),,Tue 07 Mar 2000 10:33:31 AM EST, + 227478819 msec,argument,1,0xff324000,addr,argument,2,0xe000,len,subject,root,root,root,root,root,2766,2765,24 2 ppp5-213.iawhk.com,return,success,0,trailer,93
header,132,2,close(2),,Tue 07 Mar 2000 10:33:31 AM EST, + 227478819 msec,argument,1,0x4,fd,path,/usr/lib/libc.so.1,attribute,100755,bin,bin,8388614,5838,0,subject,root,root,root,root,root,2766,2765,24 2 ppp5-213.iawhk.com,return,success,0,trailer,132
header,122,2,open(2) - read,,Tue 07 Mar 2000 10:33:31 AM EST, + 227478819 msec,path,/usr/lib/libdl.so.1,attribute,100755,bin,bin,8388614,5849,0,subject,root,root,root,root,root,2766,2765,24 2 ppp5-213.iawhk.com,return,success,4,trailer,122
header,133,2,close(2),,Tue 07 Mar 2000 10:33:31 AM EST, + 227478819 msec,argument,1,0x4,fd,path,/usr/lib/libdl.so.1,attribute,100755,bin,bin,8388614,5849,0,subject,root,root,root,root,root,2766,2765,24 2 ppp5-213.iawhk.com,return,success,0,trailer,133
header,141,2,open(2) - read,,Tue 07 Mar 2000 10:33:31 AM EST, + 227478819 msec,path,/usr/platform/sun4u/lib/libc_psr.so.1,attribute,100755,bin,bin,8388614,11401,0,subject,root,root,root,root,root,2766,2765,24 2 ppp5-213.iawhk.com,return,success,4,trailer,141
header,152,2,close(2),,Tue 07 Mar 2000 10:33:31 AM EST, + 227478819 msec,argument,1,0x4,fd,path,/usr/platform/sun4u/lib/libc_psr.so.1,attribute,100755,bin,bin,8388614,11401,0,subject,root,root,root,root,root,2766,2765,24 2 ppp5-213.iawhk.com,return,success,0,trailer,152
header,147,2,close(2),,Tue 07 Mar 2000 10:33:31 AM EST, + 227478819 msec,argument,1,0x3,fd,path,/devices/pseudo/mm@0:zero,attribute,20666,root,sys,8388608,34323,3407884,subject,root,root,root,root,root,2766,2765,24 2 ppp5-213.iawhk.com,return,success,0,trailer,147
header,93,2,munmap(2),,Tue 07 Mar 2000 10:33:31 AM EST, + 227478819 msec,argument,1,0xff360000,addr,argument,2,0x2000,len,subject,root,root,root,root,root,2766,2765,24 2 ppp5-213.iawhk.com,return,success,0,trailer,93
header,68,2,setpgrp(2),,Tue 07 Mar 2000 10:33:31 AM EST, + 227478819 msec,subject,root,root,root,root,root,2766,2765,24 2 ppp5-213.iawhk.com,return,success,2765,trailer,68
header,68,2,setpgrp(2),,Tue 07 Mar 2000 10:33:31 AM EST, + 227478819 msec,subject,root,root,root,root,root,2766,2765,24 2 ppp5-213.iawhk.com,return,success,2765,trailer,68
header,115,2,open(2) - read,,Tue 07 Mar 2000 10:33:31 AM EST, + 227478819 msec,path,/etc/profile,attribute,100644,root,sys,8388608,34303,0,subject,root,root,root,root,root,2766,2765,24 2 ppp5-213.iawhk.com,return,success,3,trailer,115
header,79,2,close(2),,Tue 07 Mar 2000 10:33:31 AM EST, + 227478819 msec,argument,1,0x13,fd,subject,root,root,root,root,root,2766,2765,24 2 ppp5-213.iawhk.com,return,failure: Bad file number,-1,trailer,79
header,126,2,close(2),,Tue 07 Mar 2000 10:33:31 AM EST, + 227478819 msec,argument,1,0x3,fd,path,/etc/profile,attribute,100644,root,sys,8388608,34303,0,subject,root,root,root,root,root,2766,2765,24 2 ppp5-213.iawhk.com,return,success,0,trailer,126
header,188,2,ioctl(2),,Tue 07 Mar 2000 10:33:31 AM EST, + 227478819 msec,path,/devices/pseudo/pts@0:2,attribute,20620,root,tty,8388608,34508,6291458,argument,2,0x5401,cmd,argument,3,0xffbefbcc,arg,argument,2,0x70758614,strioctl:vnode,subject,root,root,root,root,root,2766,2765,24 2 ppp5-213.iawhk.com,return,success,0,trailer,188
header,139,2,ioctl(2),,Tue 07 Mar 2000 10:33:31 AM EST, + 227478819 msec,path,/etc/profile,attribute,100644,root,sys,8388608,34303,0,argument,2,0x5401,cmd,argument,3,0xffbefbcc,arg,subject,root,root,root,root,root,2766,2765,24 2 ppp5-213.iawhk.com,return,failure: Inappropriate ioctl for device,-1,trailer,139
header,86,2,fork(2),,Tue 07 Mar 2000 10:33:31 AM EST, + 227478819 msec,argument,0,0xacf,child PID,subject,root,root,root,root,root,2766,2765,24 2 ppp5-213.iawhk.com,return,success,0,trailer,86
header,115,2,close(2),,Tue 07 Mar 2000 10:33:31 AM EST, + 237477744 msec,path,/etc/profile,attribute,100644,root,sys,8388608,34303,0,subject,root,root,root,root,root,2767,2765,24 2 ppp5-213.iawhk.com,return,success,0,trailer,115
header,132,2,execve(2),,Tue 07 Mar 2000 10:33:31 AM EST, + 237477744 msec,path,/usr/bin/i386,attribute,100555,bin,bin,8388614,17202,0,exec_args,1,/bin/i386,subject,root,root,root,root,root,2767,2765,24 2 ppp5-213.iawhk.com,return,success,0,trailer,132
header,136,2,open(2) - read,,Tue 07 Mar 2000 10:33:31 AM EST, + 237477744 msec,path,/devices/pseudo/mm@0:zero,attribute,20666,root,sys,8388608,34323,3407884,subject,root,root,root,root,root,2767,2765,24 2 ppp5-213.iawhk.com,return,success,3,trailer,136
header,116,2,stat(2),,Tue 07 Mar 2000 10:33:31 AM EST, + 237477744 msec,path,/usr/bin/i386,attribute,100555,bin,bin,8388614,17202,0,subject,root,root,root,root,root,2767,2765,24 2 ppp5-213.iawhk.com,return,success,0,trailer,116
header,121,2,open(2) - read,,Tue 07 Mar 2000 10:33:31 AM EST, + 237477744 msec,path,/usr/lib/libc.so.1,attribute,100755,bin,bin,8388614,5838,0,subject,root,root,root,root,root,2767,2765,24 2 ppp5-213.iawhk.com,return,success,4,trailer,121
header,93,2,munmap(2),,Tue 07 Mar 2000 10:33:31 AM EST, + 237477744 msec,argument,1,0xff324000,addr,argument,2,0xe000,len,subject,root,root,root,root,root,2767,2765,24 2 ppp5-213.iawhk.com,return,success,0,trailer,93
header,132,2,close(2),,Tue 07 Mar 2000 10:33:31 AM EST, + 237477744 msec,argument,1,0x4,fd,path,/usr/lib/libc.so.1,attribute,100755,bin,bin,8388614,5838,0,subject,root,root,root,root,root,2767,2765,24 2 ppp5-213.iawhk.com,return,success,0,trailer,132
header,122,2,open(2) - read,,Tue 07 Mar 2000 10:33:31 AM EST, + 237477744 msec,path,/usr/lib/libdl.so.1,attribute,100755,bin,bin,8388614,5849,0,subject,root,root,root,root,root,2767,2765,24 2 ppp5-213.iawhk.com,return,success,4,trailer,122
header,133,2,close(2),,Tue 07 Mar 2000 10:33:31 AM EST, + 237477744 msec,argument,1,0x4,fd,path,/usr/lib/libdl.so.1,attribute,100755,bin,bin,8388614,5849,0,subject,root,root,root,root,root,2767,2765,24 2 ppp5-213.iawhk.com,return,success,0,trailer,133
header,141,2,open(2) - read,,Tue 07 Mar 2000 10:33:31 AM EST, + 237477744 msec,path,/usr/platform/sun4u/lib/libc_psr.so.1,attribute,100755,bin,bin,8388614,11401,0,subject,root,root,root,root,root,2767,2765,24 2 ppp5-213.iawhk.com,return,success,4,trailer,141
header,152,2,close(2),,Tue 07 Mar 2000 10:33:31 AM EST, + 237477744 msec,argument,1,0x4,fd,path,/usr/platform/sun4u/lib/libc_psr.so.1,attribute,100755,bin,bin,8388614,11401,0,subject,root,root,root,root,root,2767,2765,24 2 ppp5-213.iawhk.com,return,success,0,trailer,152
header,147,2,close(2),,Tue 07 Mar 2000 10:33:31 AM EST, + 237477744 msec,argument,1,0x3,fd,path,/devices/pseudo/mm@0:zero,attribute,20666,root,sys,8388608,34323,3407884,subject,root,root,root,root,root,2767,2765,24 2 ppp5-213.iawhk.com,return,success,0,trailer,147
header,93,2,munmap(2),,Tue 07 Mar 2000 10:33:31 AM EST, + 237477744 msec,argument,1,0xff380000,addr,argument,2,0x2000,len,subject,root,root,root,root,root,2767,2765,24 2 ppp5-213.iawhk.com,return,success,0,trailer,93
header,80,2,sysinfo(2),,Tue 07 Mar 2000 10:33:31 AM EST, + 237477744 msec,argument,1,0x6,cmd,subject,root,root,root,root,root,2767,2765,24 2 ppp5-213.iawhk.com,return,success,6,trailer,80
header,80,2,sysinfo(2),,Tue 07 Mar 2000 10:33:31 AM EST, + 237477744 msec,argument,1,0x5,cmd,subject,root,root,root,root,root,2767,2765,24 2 ppp5-213.iawhk.com,return,success,6,trailer,80
header,80,2,sysinfo(2),,Tue 07 Mar 2000 10:33:31 AM EST, + 237477744 msec,argument,1,0x8,cmd,subject,root,root,root,root,root,2767,2765,24 2 ppp5-213.iawhk.com,return,success,17,trailer,80
header,141,2,close(2),,Tue 07 Mar 2000 10:33:31 AM EST, + 237477744 msec,path,/devices/pseudo/pts@0:2,attribute,20620,root,tty,8388608,34508,6291458,subject,root,root,root,root,root,2767,2765,24 2 ppp5-213.iawhk.com,return,success,0,trailer,141
header,141,2,close(2),,Tue 07 Mar 2000 10:33:31 AM EST, + 237477744 msec,path,/devices/pseudo/pts@0:2,attribute,20620,root,tty,8388608,34508,6291458,subject,root,root,root,root,root,2767,2765,24 2 ppp5-213.iawhk.com,return,success,0,trailer,141
header,141,2,close(2),,Tue 07 Mar 2000 10:33:31 AM EST, + 237477744 msec,path,/devices/pseudo/pts@0:2,attribute,20620,root,tty,8388608,34508,6291458,subject,root,root,root,root,root,2767,2765,24 2 ppp5-213.iawhk.com,return,success,0,trailer,141
header,68,2,exit(2),,Tue 07 Mar 2000 10:33:31 AM EST, + 237477744 msec,subject,root,root,root,root,root,2767,2765,24 2 ppp5-213.iawhk.com,return,success,0,trailer,68
header,188,2,ioctl(2),,Tue 07 Mar 2000 10:33:31 AM EST, + 247479185 msec,path,/devices/pseudo/pts@0:2,attribute,20620,root,tty,8388608,34508,6291458,argument,2,0x7414,cmd,argument,3,0xffbef8d4,arg,argument,2,0x70758614,strioctl:vnode,subject,root,root,root,root,root,2766,2765,24 2 ppp5-213.iawhk.com,return,success,0,trailer,188
header,188,2,ioctl(2),,Tue 07 Mar 2000 10:33:31 AM EST, + 247479185 msec,path,/devices/pseudo/pts@0:2,attribute,20620,root,tty,8388608,34508,6291458,argument,2,0x540d,cmd,argument,3,0x3836c,arg,argument,2,0x70758614,strioctl:vnode,subject,root,root,root,root,root,2766,2765,24 2 ppp5-213.iawhk.com,return,success,0,trailer,188
header,87,2,stat(2),,Tue 07 Mar 2000 10:33:31 AM EST, + 247479185 msec,path,/tmp/.hushlogin,subject,root,root,root,root,root,2766,2765,24 2 ppp5-213.iawhk.com,return,failure: No such file or directory,-1,trailer,87
header,86,2,fork(2),,Tue 07 Mar 2000 10:33:31 AM EST, + 247479185 msec,argument,0,0xad0,child PID,subject,root,root,root,root,root,2766,2765,24 2 ppp5-213.iawhk.com,return,success,0,trailer,86
header,104,2,chdir(2),,Tue 07 Mar 2000 10:33:31 AM EST, + 247479185 msec,path,/,attribute,40755,root,root,8388608,2,0,subject,root,root,root,root,root,2765,2765,24 2 ppp5-213.iawhk.com,return,success,0,trailer,104
header,115,2,close(2),,Tue 07 Mar 2000 10:33:31 AM EST, + 247479185 msec,path,/etc/profile,attribute,100644,root,sys,8388608,34303,0,subject,root,root,root,root,root,2768,2765,24 2 ppp5-213.iawhk.com,return,success,0,trailer,115
header,154,2,execve(2),,Tue 07 Mar 2000 10:33:31 AM EST, + 247479185 msec,path,/usr/lib/fs/ufs/quota,attribute,104555,root,bin,8388614,307621,0,exec_args,1,/usr/sbin/quota,subject,root,root,root,root,root,2768,2765,24 2 ppp5-213.iawhk.com,return,success,0,trailer,154
header,136,2,open(2) - read,,Tue 07 Mar 2000 10:33:31 AM EST, + 247479185 msec,path,/devices/pseudo/mm@0:zero,attribute,20666,root,sys,8388608,34323,3407884,subject,root,root,root,root,root,2768,2765,24 2 ppp5-213.iawhk.com,return,success,3,trailer,136
header,124,2,stat(2),,Tue 07 Mar 2000 10:33:31 AM EST, + 247479185 msec,path,/usr/lib/fs/ufs/quota,attribute,104555,root,bin,8388614,307621,0,subject,root,root,root,root,root,2768,2765,24 2 ppp5-213.iawhk.com,return,success,0,trailer,124
header,123,2,open(2) - read,,Tue 07 Mar 2000 10:33:31 AM EST, + 247479185 msec,path,/usr/lib/libnsl.so.1,attribute,100755,bin,bin,8388614,5868,0,subject,root,root,root,root,root,2768,2765,24 2 ppp5-213.iawhk.com,return,success,4,trailer,123
header,93,2,munmap(2),,Tue 07 Mar 2000 10:33:31 AM EST, + 247479185 msec,argument,1,0xff302000,addr,argument,2,0xe000,len,subject,root,root,root,root,root,2768,2765,24 2 ppp5-213.iawhk.com,return,success,0,trailer,93
header,134,2,close(2),,Tue 07 Mar 2000 10:33:31 AM EST, + 247479185 msec,argument,1,0x4,fd,path,/usr/lib/libnsl.so.1,attribute,100755,bin,bin,8388614,5868,0,subject,root,root,root,root,root,2768,2765,24 2 ppp5-213.iawhk.com,return,success,0,trailer,134
header,121,2,open(2) - read,,Tue 07 Mar 2000 10:33:31 AM EST, + 247479185 msec,path,/usr/lib/libc.so.1,attribute,100755,bin,bin,8388614,5838,0,subject,root,root,root,root,root,2768,2765,24 2 ppp5-213.iawhk.com,return,success,4,trailer,121
header,93,2,munmap(2),,Tue 07 Mar 2000 10:33:31 AM EST, + 247479185 msec,argument,1,0xff224000,addr,argument,2,0xe000,len,subject,root,root,root,root,root,2768,2765,24 2 ppp5-213.iawhk.com,return,success,0,trailer,93
header,132,2,close(2),,Tue 07 Mar 2000 10:33:31 AM EST, + 247479185 msec,argument,1,0x4,fd,path,/usr/lib/libc.so.1,attribute,100755,bin,bin,8388614,5838,0,subject,root,root,root,root,root,2768,2765,24 2 ppp5-213.iawhk.com,return,success,0,trailer,132
header,122,2,open(2) - read,,Tue 07 Mar 2000 10:33:31 AM EST, + 257479560 msec,path,/usr/lib/libdl.so.1,attribute,100755,bin,bin,8388614,5849,0,subject,root,root,root,root,root,2768,2765,24 2 ppp5-213.iawhk.com,return,success,4,trailer,122
header,133,2,close(2),,Tue 07 Mar 2000 10:33:31 AM EST, + 257479560 msec,argument,1,0x4,fd,path,/usr/lib/libdl.so.1,attribute,100755,bin,bin,8388614,5849,0,subject,root,root,root,root,root,2768,2765,24 2 ppp5-213.iawhk.com,return,success,0,trailer,133
header,122,2,open(2) - read,,Tue 07 Mar 2000 10:33:31 AM EST, + 257479560 msec,path,/usr/lib/libmp.so.2,attribute,100755,bin,bin,8388614,5865,0,subject,root,root,root,root,root,2768,2765,24 2 ppp5-213.iawhk.com,return,success,4,trailer,122
header,93,2,munmap(2),,Tue 07 Mar 2000 10:33:31 AM EST, + 257479560 msec,argument,1,0xff364000,addr,argument,2,0xe000,len,subject,root,root,root,root,root,2768,2765,24 2 ppp5-213.iawhk.com,return,success,0,trailer,93
header,133,2,close(2),,Tue 07 Mar 2000 10:33:31 AM EST, + 257479560 msec,argument,1,0x4,fd,path,/usr/lib/libmp.so.2,attribute,100755,bin,bin,8388614,5865,0,subject,root,root,root,root,root,2768,2765,24 2 ppp5-213.iawhk.com,return,success,0,trailer,133
header,141,2,open(2) - read,,Tue 07 Mar 2000 10:33:31 AM EST, + 257479560 msec,path,/usr/platform/sun4u/lib/libc_psr.so.1,attribute,100755,bin,bin,8388614,11401,0,subject,root,root,root,root,root,2768,2765,24 2 ppp5-213.iawhk.com,return,success,4,trailer,141
header,152,2,close(2),,Tue 07 Mar 2000 10:33:31 AM EST, + 257479560 msec,argument,1,0x4,fd,path,/usr/platform/sun4u/lib/libc_psr.so.1,attribute,100755,bin,bin,8388614,11401,0,subject,root,root,root,root,root,2768,2765,24 2 ppp5-213.iawhk.com,return,success,0,trailer,152
header,147,2,close(2),,Tue 07 Mar 2000 10:33:31 AM EST, + 257479560 msec,argument,1,0x3,fd,path,/devices/pseudo/mm@0:zero,attribute,20666,root,sys,8388608,34323,3407884,subject,root,root,root,root,root,2768,2765,24 2 ppp5-213.iawhk.com,return,success,0,trailer,147
header,93,2,munmap(2),,Tue 07 Mar 2000 10:33:31 AM EST, + 257479560 msec,argument,1,0xff380000,addr,argument,2,0x2000,len,subject,root,root,root,root,root,2768,2765,24 2 ppp5-213.iawhk.com,return,success,0,trailer,93
header,114,2,open(2) - read,,Tue 07 Mar 2000 10:33:31 AM EST, + 257479560 msec,path,/etc/mnttab,attribute,100644,root,root,8388608,34290,0,subject,root,root,root,root,root,2768,2765,24 2 ppp5-213.iawhk.com,return,success,3,trailer,114
header,138,2,ioctl(2),,Tue 07 Mar 2000 10:33:31 AM EST, + 257479560 msec,path,/etc/mnttab,attribute,100644,root,root,8388608,34290,0,argument,2,0x5401,cmd,argument,3,0xffbef91c,arg,subject,root,root,root,root,root,2768,2765,24 2 ppp5-213.iawhk.com,return,failure: Inappropriate ioctl for device,-1,trailer,138
header,82,2,open(2) - read,,Tue 07 Mar 2000 10:33:31 AM EST, + 257479560 msec,path,/quotas,subject,root,root,root,root,root,2768,2765,24 2 ppp5-213.iawhk.com,return,failure: No such file or directory,-1,trailer,82
header,125,2,close(2),,Tue 07 Mar 2000 10:33:31 AM EST, + 257479560 msec,argument,1,0x3,fd,path,/etc/mnttab,attribute,100644,root,root,8388608,34290,0,subject,root,root,root,root,root,2768,2765,24 2 ppp5-213.iawhk.com,return,success,0,trailer,125
header,126,2,open(2) - read,,Tue 07 Mar 2000 10:33:31 AM EST, + 257479560 msec,path,/etc/.name_service_door,attribute,150444,root,root,46923776,385,46661632,subject,root,root,root,root,root,2768,2765,24 2 ppp5-213.iawhk.com,return,success,3,trailer,126
header,121,2,doorfs(2) - DOOR_CALL,,Tue 07 Mar 2000 10:33:31 AM EST, + 257479560 msec,argument,1,0x3,door ID,process,-2,root,root,root,root,190,0,0,0.0.0.0,subject,root,root,root,root,root,2768,2765,24 2 ppp5-213.iawhk.com,return,success,0,trailer,121
header,141,2,close(2),,Tue 07 Mar 2000 10:33:31 AM EST, + 267480438 msec,path,/devices/pseudo/pts@0:2,attribute,20620,root,tty,8388608,34508,6291458,subject,root,root,root,root,root,2768,2765,24 2 ppp5-213.iawhk.com,return,success,0,trailer,141
header,141,2,close(2),,Tue 07 Mar 2000 10:33:31 AM EST, + 267480438 msec,path,/devices/pseudo/pts@0:2,attribute,20620,root,tty,8388608,34508,6291458,subject,root,root,root,root,root,2768,2765,24 2 ppp5-213.iawhk.com,return,success,0,trailer,141
header,141,2,close(2),,Tue 07 Mar 2000 10:33:31 AM EST, + 267480438 msec,path,/devices/pseudo/pts@0:2,attribute,20620,root,tty,8388608,34508,6291458,subject,root,root,root,root,root,2768,2765,24 2 ppp5-213.iawhk.com,return,success,0,trailer,141
header,126,2,close(2),,Tue 07 Mar 2000 10:33:31 AM EST, + 267480438 msec,path,/etc/.name_service_door,attribute,150444,root,root,46923776,385,46661632,subject,root,root,root,root,root,2768,2765,24 2 ppp5-213.iawhk.com,return,success,0,trailer,126
header,68,2,exit(2),,Tue 07 Mar 2000 10:33:31 AM EST, + 267480438 msec,subject,root,root,root,root,root,2768,2765,24 2 ppp5-213.iawhk.com,return,success,0,trailer,68
header,188,2,ioctl(2),,Tue 07 Mar 2000 10:33:31 AM EST, + 267480438 msec,path,/devices/pseudo/pts@0:2,attribute,20620,root,tty,8388608,34508,6291458,argument,2,0x7414,cmd,argument,3,0xffbef8d4,arg,argument,2,0x70758614,strioctl:vnode,subject,root,root,root,root,root,2766,2765,24 2 ppp5-213.iawhk.com,return,success,0,trailer,188
header,188,2,ioctl(2),,Tue 07 Mar 2000 10:33:31 AM EST, + 267480438 msec,path,/devices/pseudo/pts@0:2,attribute,20620,root,tty,8388608,34508,6291458,argument,2,0x540d,cmd,argument,3,0x3836c,arg,argument,2,0x70758614,strioctl:vnode,subject,root,root,root,root,root,2766,2765,24 2 ppp5-213.iawhk.com,return,success,0,trailer,188
header,86,2,fork(2),,Tue 07 Mar 2000 10:33:31 AM EST, + 267480438 msec,argument,0,0xad1,child PID,subject,root,root,root,root,root,2766,2765,24 2 ppp5-213.iawhk.com,return,success,0,trailer,86
header,115,2,close(2),,Tue 07 Mar 2000 10:33:31 AM EST, + 267480438 msec,path,/etc/profile,attribute,100644,root,sys,8388608,34303,0,subject,root,root,root,root,root,2769,2765,24 2 ppp5-213.iawhk.com,return,success,0,trailer,115
header,143,2,execve(2),,Tue 07 Mar 2000 10:33:31 AM EST, + 267480438 msec,path,/usr/bin/cat,attribute,100555,bin,bin,8388614,17136,0,exec_args,3,/bin/cat,-s,/etc/motd,subject,root,root,root,root,root,2769,2765,24 2 ppp5-213.iawhk.com,return,success,0,trailer,143
header,136,2,open(2) - read,,Tue 07 Mar 2000 10:33:31 AM EST, + 267480438 msec,path,/devices/pseudo/mm@0:zero,attribute,20666,root,sys,8388608,34323,3407884,subject,root,root,root,root,root,2769,2765,24 2 ppp5-213.iawhk.com,return,success,3,trailer,136
header,115,2,stat(2),,Tue 07 Mar 2000 10:33:31 AM EST, + 267480438 msec,path,/usr/bin/cat,attribute,100555,bin,bin,8388614,17136,0,subject,root,root,root,root,root,2769,2765,24 2 ppp5-213.iawhk.com,return,success,0,trailer,115
header,121,2,open(2) - read,,Tue 07 Mar 2000 10:33:31 AM EST, + 267480438 msec,path,/usr/lib/libc.so.1,attribute,100755,bin,bin,8388614,5838,0,subject,root,root,root,root,root,2769,2765,24 2 ppp5-213.iawhk.com,return,success,4,trailer,121
header,93,2,munmap(2),,Tue 07 Mar 2000 10:33:31 AM EST, + 267480438 msec,argument,1,0xff324000,addr,argument,2,0xe000,len,subject,root,root,root,root,root,2769,2765,24 2 ppp5-213.iawhk.com,return,success,0,trailer,93
header,132,2,close(2),,Tue 07 Mar 2000 10:33:31 AM EST, + 267480438 msec,argument,1,0x4,fd,path,/usr/lib/libc.so.1,attribute,100755,bin,bin,8388614,5838,0,subject,root,root,root,root,root,2769,2765,24 2 ppp5-213.iawhk.com,return,success,0,trailer,132
header,122,2,open(2) - read,,Tue 07 Mar 2000 10:33:31 AM EST, + 267480438 msec,path,/usr/lib/libdl.so.1,attribute,100755,bin,bin,8388614,5849,0,subject,root,root,root,root,root,2769,2765,24 2 ppp5-213.iawhk.com,return,success,4,trailer,122
header,133,2,close(2),,Tue 07 Mar 2000 10:33:31 AM EST, + 267480438 msec,argument,1,0x4,fd,path,/usr/lib/libdl.so.1,attribute,100755,bin,bin,8388614,5849,0,subject,root,root,root,root,root,2769,2765,24 2 ppp5-213.iawhk.com,return,success,0,trailer,133
header,141,2,open(2) - read,,Tue 07 Mar 2000 10:33:31 AM EST, + 267480438 msec,path,/usr/platform/sun4u/lib/libc_psr.so.1,attribute,100755,bin,bin,8388614,11401,0,subject,root,root,root,root,root,2769,2765,24 2 ppp5-213.iawhk.com,return,success,4,trailer,141
header,152,2,close(2),,Tue 07 Mar 2000 10:33:31 AM EST, + 267480438 msec,argument,1,0x4,fd,path,/usr/platform/sun4u/lib/libc_psr.so.1,attribute,100755,bin,bin,8388614,11401,0,subject,root,root,root,root,root,2769,2765,24 2 ppp5-213.iawhk.com,return,success,0,trailer,152
header,147,2,close(2),,Tue 07 Mar 2000 10:33:31 AM EST, + 277481520 msec,argument,1,0x3,fd,path,/devices/pseudo/mm@0:zero,attribute,20666,root,sys,8388608,34323,3407884,subject,root,root,root,root,root,2769,2765,24 2 ppp5-213.iawhk.com,return,success,0,trailer,147
header,93,2,munmap(2),,Tue 07 Mar 2000 10:33:31 AM EST, + 277481520 msec,argument,1,0xff380000,addr,argument,2,0x2000,len,subject,root,root,root,root,root,2769,2765,24 2 ppp5-213.iawhk.com,return,success,0,trailer,93
header,112,2,open(2) - read,,Tue 07 Mar 2000 10:33:31 AM EST, + 277481520 msec,path,/etc/motd,attribute,100644,root,sys,8388608,34269,0,subject,root,root,root,root,root,2769,2765,24 2 ppp5-213.iawhk.com,return,success,3,trailer,112
header,143,2,memcntl(2),,Tue 07 Mar 2000 10:33:31 AM EST, + 277481520 msec,argument,1,0xff380000,base,argument,2,0x35,len,argument,3,0x4,cmd,argument,4,0x2,arg,argument,5,0x0,attr,argument,6,0x0,mask,subject,root,root,root,root,root,2769,2765,24 2 ppp5-213.iawhk.com,return,success,0,trailer,143
header,93,2,munmap(2),,Tue 07 Mar 2000 10:33:31 AM EST, + 277481520 msec,argument,1,0xff380000,addr,argument,2,0x35,len,subject,root,root,root,root,root,2769,2765,24 2 ppp5-213.iawhk.com,return,success,0,trailer,93
header,123,2,close(2),,Tue 07 Mar 2000 10:33:31 AM EST, + 277481520 msec,argument,1,0x3,fd,path,/etc/motd,attribute,100644,root,sys,8388608,34269,0,subject,root,root,root,root,root,2769,2765,24 2 ppp5-213.iawhk.com,return,success,0,trailer,123
header,152,2,close(2),,Tue 07 Mar 2000 10:33:31 AM EST, + 277481520 msec,argument,1,0x1,fd,path,/devices/pseudo/pts@0:2,attribute,20620,root,tty,8388608,34508,6291458,subject,root,root,root,root,root,2769,2765,24 2 ppp5-213.iawhk.com,return,success,0,trailer,152
header,141,2,close(2),,Tue 07 Mar 2000 10:33:31 AM EST, + 277481520 msec,path,/devices/pseudo/pts@0:2,attribute,20620,root,tty,8388608,34508,6291458,subject,root,root,root,root,root,2769,2765,24 2 ppp5-213.iawhk.com,return,success,0,trailer,141
header,141,2,close(2),,Tue 07 Mar 2000 10:33:31 AM EST, + 277481520 msec,path,/devices/pseudo/pts@0:2,attribute,20620,root,tty,8388608,34508,6291458,subject,root,root,root,root,root,2769,2765,24 2 ppp5-213.iawhk.com,return,success,0,trailer,141
header,68,2,exit(2),,Tue 07 Mar 2000 10:33:31 AM EST, + 277481520 msec,subject,root,root,root,root,root,2769,2765,24 2 ppp5-213.iawhk.com,return,success,0,trailer,68
header,188,2,ioctl(2),,Tue 07 Mar 2000 10:33:31 AM EST, + 277481520 msec,path,/devices/pseudo/pts@0:2,attribute,20620,root,tty,8388608,34508,6291458,argument,2,0x7414,cmd,argument,3,0xffbef7b4,arg,argument,2,0x70758614,strioctl:vnode,subject,root,root,root,root,root,2766,2765,24 2 ppp5-213.iawhk.com,return,success,0,trailer,188
header,188,2,ioctl(2),,Tue 07 Mar 2000 10:33:31 AM EST, + 277481520 msec,path,/devices/pseudo/pts@0:2,attribute,20620,root,tty,8388608,34508,6291458,argument,2,0x540d,cmd,argument,3,0x3836c,arg,argument,2,0x70758614,strioctl:vnode,subject,root,root,root,root,root,2766,2765,24 2 ppp5-213.iawhk.com,return,success,0,trailer,188
header,86,2,fork(2),,Tue 07 Mar 2000 10:33:31 AM EST, + 277481520 msec,argument,0,0xad2,child PID,subject,root,root,root,root,root,2766,2765,24 2 ppp5-213.iawhk.com,return,success,0,trailer,86
header,115,2,close(2),,Tue 07 Mar 2000 10:33:31 AM EST, + 287480086 msec,path,/etc/profile,attribute,100644,root,sys,8388608,34303,0,subject,root,root,mail,root,root,2770,2765,24 2 ppp5-213.iawhk.com,return,success,0,trailer,115
header,135,2,execve(2),,Tue 07 Mar 2000 10:33:31 AM EST, + 287480086 msec,path,/usr/bin/mail,attribute,102511,bin,mail,8388614,17229,0,exec_args,2,/bin/mail,-E,subject,root,root,mail,root,root,2770,2765,24 2 ppp5-213.iawhk.com,return,success,0,trailer,135
header,136,2,open(2) - read,,Tue 07 Mar 2000 10:33:31 AM EST, + 287480086 msec,path,/devices/pseudo/mm@0:zero,attribute,20666,root,sys,8388608,34323,3407884,subject,root,root,mail,root,root,2770,2765,24 2 ppp5-213.iawhk.com,return,success,3,trailer,136
header,116,2,stat(2),,Tue 07 Mar 2000 10:33:31 AM EST, + 287480086 msec,path,/usr/bin/mail,attribute,102511,bin,mail,8388614,17229,0,subject,root,root,mail,root,root,2770,2765,24 2 ppp5-213.iawhk.com,return,success,0,trailer,116
header,126,2,open(2) - read,,Tue 07 Mar 2000 10:33:31 AM EST, + 287480086 msec,path,/usr/lib/libsocket.so.1,attribute,100755,bin,bin,8388614,5883,0,subject,root,root,mail,root,root,2770,2765,24 2 ppp5-213.iawhk.com,return,success,4,trailer,126
header,93,2,munmap(2),,Tue 07 Mar 2000 10:33:31 AM EST, + 287480086 msec,argument,1,0xff378000,addr,argument,2,0xe000,len,subject,root,root,mail,root,root,2770,2765,24 2 ppp5-213.iawhk.com,return,success,0,trailer,93
header,137,2,close(2),,Tue 07 Mar 2000 10:33:31 AM EST, + 287480086 msec,argument,1,0x4,fd,path,/usr/lib/libsocket.so.1,attribute,100755,bin,bin,8388614,5883,0,subject,root,root,mail,root,root,2770,2765,24 2 ppp5-213.iawhk.com,return,success,0,trailer,137
header,123,2,open(2) - read,,Tue 07 Mar 2000 10:33:31 AM EST, + 287480086 msec,path,/usr/lib/libnsl.so.1,attribute,100755,bin,bin,8388614,5868,0,subject,root,root,mail,root,root,2770,2765,24 2 ppp5-213.iawhk.com,return,success,4,trailer,123
header,93,2,munmap(2),,Tue 07 Mar 2000 10:33:31 AM EST, + 287480086 msec,argument,1,0xff302000,addr,argument,2,0xe000,len,subject,root,root,mail,root,root,2770,2765,24 2 ppp5-213.iawhk.com,return,success,0,trailer,93
header,134,2,close(2),,Tue 07 Mar 2000 10:33:31 AM EST, + 287480086 msec,argument,1,0x4,fd,path,/usr/lib/libnsl.so.1,attribute,100755,bin,bin,8388614,5868,0,subject,root,root,mail,root,root,2770,2765,24 2 ppp5-213.iawhk.com,return,success,0,trailer,134
header,121,2,open(2) - read,,Tue 07 Mar 2000 10:33:31 AM EST, + 287480086 msec,path,/usr/lib/libc.so.1,attribute,100755,bin,bin,8388614,5838,0,subject,root,root,mail,root,root,2770,2765,24 2 ppp5-213.iawhk.com,return,success,4,trailer,121
header,93,2,munmap(2),,Tue 07 Mar 2000 10:33:31 AM EST, + 287480086 msec,argument,1,0xff224000,addr,argument,2,0xe000,len,subject,root,root,mail,root,root,2770,2765,24 2 ppp5-213.iawhk.com,return,success,0,trailer,93
header,132,2,close(2),,Tue 07 Mar 2000 10:33:31 AM EST, + 287480086 msec,argument,1,0x4,fd,path,/usr/lib/libc.so.1,attribute,100755,bin,bin,8388614,5838,0,subject,root,root,mail,root,root,2770,2765,24 2 ppp5-213.iawhk.com,return,success,0,trailer,132
header,122,2,open(2) - read,,Tue 07 Mar 2000 10:33:31 AM EST, + 287480086 msec,path,/usr/lib/libdl.so.1,attribute,100755,bin,bin,8388614,5849,0,subject,root,root,mail,root,root,2770,2765,24 2 ppp5-213.iawhk.com,return,success,4,trailer,122
header,133,2,close(2),,Tue 07 Mar 2000 10:33:31 AM EST, + 287480086 msec,argument,1,0x4,fd,path,/usr/lib/libdl.so.1,attribute,100755,bin,bin,8388614,5849,0,subject,root,root,mail,root,root,2770,2765,24 2 ppp5-213.iawhk.com,return,success,0,trailer,133
header,122,2,open(2) - read,,Tue 07 Mar 2000 10:33:31 AM EST, + 287480086 msec,path,/usr/lib/libmp.so.2,attribute,100755,bin,bin,8388614,5865,0,subject,root,root,mail,root,root,2770,2765,24 2 ppp5-213.iawhk.com,return,success,4,trailer,122
header,93,2,munmap(2),,Tue 07 Mar 2000 10:33:31 AM EST, + 287480086 msec,argument,1,0xff344000,addr,argument,2,0xe000,len,subject,root,root,mail,root,root,2770,2765,24 2 ppp5-213.iawhk.com,return,success,0,trailer,93
header,133,2,close(2),,Tue 07 Mar 2000 10:33:31 AM EST, + 287480086 msec,argument,1,0x4,fd,path,/usr/lib/libmp.so.2,attribute,100755,bin,bin,8388614,5865,0,subject,root,root,mail,root,root,2770,2765,24 2 ppp5-213.iawhk.com,return,success,0,trailer,133
header,141,2,open(2) - read,,Tue 07 Mar 2000 10:33:31 AM EST, + 287480086 msec,path,/usr/platform/sun4u/lib/libc_psr.so.1,attribute,100755,bin,bin,8388614,11401,0,subject,root,root,mail,root,root,2770,2765,24 2 ppp5-213.iawhk.com,return,success,4,trailer,141
header,152,2,close(2),,Tue 07 Mar 2000 10:33:31 AM EST, + 287480086 msec,argument,1,0x4,fd,path,/usr/platform/sun4u/lib/libc_psr.so.1,attribute,100755,bin,bin,8388614,11401,0,subject,root,root,mail,root,root,2770,2765,24 2 ppp5-213.iawhk.com,return,success,0,trailer,152
header,147,2,close(2),,Tue 07 Mar 2000 10:33:31 AM EST, + 297479982 msec,argument,1,0x3,fd,path,/devices/pseudo/mm@0:zero,attribute,20666,root,sys,8388608,34323,3407884,subject,root,root,mail,root,root,2770,2765,24 2 ppp5-213.iawhk.com,return,success,0,trailer,147
header,93,2,munmap(2),,Tue 07 Mar 2000 10:33:31 AM EST, + 297479982 msec,argument,1,0xff360000,addr,argument,2,0x2000,len,subject,root,root,mail,root,root,2770,2765,24 2 ppp5-213.iawhk.com,return,success,0,trailer,93
header,79,2,close(2),,Tue 07 Mar 2000 10:33:31 AM EST, + 297479982 msec,argument,1,0x3,fd,subject,root,root,mail,root,root,2770,2765,24 2 ppp5-213.iawhk.com,return,failure: Bad file number,-1,trailer,79
header,79,2,close(2),,Tue 07 Mar 2000 10:33:31 AM EST, + 297479982 msec,argument,1,0x4,fd,subject,root,root,mail,root,root,2770,2765,24 2 ppp5-213.iawhk.com,return,failure: Bad file number,-1,trailer,79
header,79,2,close(2),,Tue 07 Mar 2000 10:33:31 AM EST, + 297479982 msec,argument,1,0x5,fd,subject,root,root,mail,root,root,2770,2765,24 2 ppp5-213.iawhk.com,return,failure: Bad file number,-1,trailer,79
header,79,2,close(2),,Tue 07 Mar 2000 10:33:31 AM EST, + 297479982 msec,argument,1,0x6,fd,subject,root,root,mail,root,root,2770,2765,24 2 ppp5-213.iawhk.com,return,failure: Bad file number,-1,trailer,79
header,79,2,close(2),,Tue 07 Mar 2000 10:33:31 AM EST, + 297479982 msec,argument,1,0x7,fd,subject,root,root,mail,root,root,2770,2765,24 2 ppp5-213.iawhk.com,return,failure: Bad file number,-1,trailer,79
header,79,2,close(2),,Tue 07 Mar 2000 10:33:31 AM EST, + 297479982 msec,argument,1,0x8,fd,subject,root,root,mail,root,root,2770,2765,24 2 ppp5-213.iawhk.com,return,failure: Bad file number,-1,trailer,79
header,79,2,close(2),,Tue 07 Mar 2000 10:33:31 AM EST, + 297479982 msec,argument,1,0x9,fd,subject,root,root,mail,root,root,2770,2765,24 2 ppp5-213.iawhk.com,return,failure: Bad file number,-1,trailer,79
header,79,2,close(2),,Tue 07 Mar 2000 10:33:31 AM EST, + 297479982 msec,argument,1,0xa,fd,subject,root,root,mail,root,root,2770,2765,24 2 ppp5-213.iawhk.com,return,failure: Bad file number,-1,trailer,79
header,79,2,close(2),,Tue 07 Mar 2000 10:33:31 AM EST, + 297479982 msec,argument,1,0xb,fd,subject,root,root,mail,root,root,2770,2765,24 2 ppp5-213.iawhk.com,return,failure: Bad file number,-1,trailer,79
header,79,2,close(2),,Tue 07 Mar 2000 10:33:31 AM EST, + 297479982 msec,argument,1,0xc,fd,subject,root,root,mail,root,root,2770,2765,24 2 ppp5-213.iawhk.com,return,failure: Bad file number,-1,trailer,79
header,79,2,close(2),,Tue 07 Mar 2000 10:33:31 AM EST, + 297479982 msec,argument,1,0xd,fd,subject,root,root,mail,root,root,2770,2765,24 2 ppp5-213.iawhk.com,return,failure: Bad file number,-1,trailer,79
header,79,2,close(2),,Tue 07 Mar 2000 10:33:31 AM EST, + 297479982 msec,argument,1,0xe,fd,subject,root,root,mail,root,root,2770,2765,24 2 ppp5-213.iawhk.com,return,failure: Bad file number,-1,trailer,79
header,79,2,close(2),,Tue 07 Mar 2000 10:33:31 AM EST, + 297479982 msec,argument,1,0xf,fd,subject,root,root,mail,root,root,2770,2765,24 2 ppp5-213.iawhk.com,return,failure: Bad file number,-1,trailer,79
header,79,2,close(2),,Tue 07 Mar 2000 10:33:31 AM EST, + 297479982 msec,argument,1,0x10,fd,subject,root,root,mail,root,root,2770,2765,24 2 ppp5-213.iawhk.com,return,failure: Bad file number,-1,trailer,79
header,79,2,close(2),,Tue 07 Mar 2000 10:33:31 AM EST, + 297479982 msec,argument,1,0x11,fd,subject,root,root,mail,root,root,2770,2765,24 2 ppp5-213.iawhk.com,return,failure: Bad file number,-1,trailer,79
header,79,2,close(2),,Tue 07 Mar 2000 10:33:31 AM EST, + 297479982 msec,argument,1,0x12,fd,subject,root,root,mail,root,root,2770,2765,24 2 ppp5-213.iawhk.com,return,failure: Bad file number,-1,trailer,79
header,79,2,close(2),,Tue 07 Mar 2000 10:33:31 AM EST, + 297479982 msec,argument,1,0x13,fd,subject,root,root,mail,root,root,2770,2765,24 2 ppp5-213.iawhk.com,return,failure: Bad file number,-1,trailer,79
header,126,2,open(2) - read,,Tue 07 Mar 2000 10:33:31 AM EST, + 297479982 msec,path,/etc/.name_service_door,attribute,150444,root,root,46923776,385,46661632,subject,root,root,mail,root,root,2770,2765,24 2 ppp5-213.iawhk.com,return,success,3,trailer,126
header,121,2,doorfs(2) - DOOR_CALL,,Tue 07 Mar 2000 10:33:31 AM EST, + 297479982 msec,argument,1,0x3,door ID,process,-2,root,root,root,root,190,0,0,0.0.0.0,subject,root,root,mail,root,root,2770,2765,24 2 ppp5-213.iawhk.com,return,success,0,trailer,121
header,121,2,doorfs(2) - DOOR_CALL,,Tue 07 Mar 2000 10:33:31 AM EST, + 297479982 msec,argument,1,0x3,door ID,process,-2,root,root,root,root,190,0,0,0.0.0.0,subject,root,root,mail,root,root,2770,2765,24 2 ppp5-213.iawhk.com,return,success,0,trailer,121
header,98,2,stat(2),,Tue 07 Mar 2000 10:33:31 AM EST, + 297479982 msec,path,/var/mail/:saved/hacker2,subject,root,root,mail,root,root,2770,2765,24 2 ppp5-213.iawhk.com,return,failure: No such file or directory,-1,trailer,98
header,188,2,ioctl(2),,Tue 07 Mar 2000 10:33:31 AM EST, + 297479982 msec,path,/devices/pseudo/pts@0:2,attribute,20620,root,tty,8388608,34508,6291458,argument,2,0x5401,cmd,argument,3,0xffbeeef4,arg,argument,2,0x70758614,strioctl:vnode,subject,root,root,mail,root,root,2770,2765,24 2 ppp5-213.iawhk.com,return,success,0,trailer,188
header,91,2,access(2),,Tue 07 Mar 2000 10:33:31 AM EST, + 297479982 msec,path,/var/mail/hacker2,subject,root,root,mail,root,root,2770,2765,24 2 ppp5-213.iawhk.com,return,failure: No such file or directory,-1,trailer,91
header,91,2,access(2),,Tue 07 Mar 2000 10:33:31 AM EST, + 297479982 msec,path,/var/mail/hacker2,subject,root,root,mail,root,root,2770,2765,24 2 ppp5-213.iawhk.com,return,failure: No such file or directory,-1,trailer,91
header,68,2,lstat(2),,Tue 07 Mar 2000 10:33:31 AM EST, + 297479982 msec,subject,root,root,mail,root,root,2770,2765,24 2 ppp5-213.iawhk.com,return,failure: No such file or directory,-1,trailer,68
header,141,2,close(2),,Tue 07 Mar 2000 10:33:31 AM EST, + 297479982 msec,path,/devices/pseudo/pts@0:2,attribute,20620,root,tty,8388608,34508,6291458,subject,root,root,mail,root,root,2770,2765,24 2 ppp5-213.iawhk.com,return,success,0,trailer,141
header,141,2,close(2),,Tue 07 Mar 2000 10:33:31 AM EST, + 297479982 msec,path,/devices/pseudo/pts@0:2,attribute,20620,root,tty,8388608,34508,6291458,subject,root,root,mail,root,root,2770,2765,24 2 ppp5-213.iawhk.com,return,success,0,trailer,141
header,141,2,close(2),,Tue 07 Mar 2000 10:33:31 AM EST, + 297479982 msec,path,/devices/pseudo/pts@0:2,attribute,20620,root,tty,8388608,34508,6291458,subject,root,root,mail,root,root,2770,2765,24 2 ppp5-213.iawhk.com,return,success,0,trailer,141
header,126,2,close(2),,Tue 07 Mar 2000 10:33:31 AM EST, + 297479982 msec,path,/etc/.name_service_door,attribute,150444,root,root,46923776,385,46661632,subject,root,root,mail,root,root,2770,2765,24 2 ppp5-213.iawhk.com,return,success,0,trailer,126
header,68,2,exit(2),,Tue 07 Mar 2000 10:33:31 AM EST, + 297479982 msec,subject,root,root,mail,root,root,2770,2765,24 2 ppp5-213.iawhk.com,return,success,0,trailer,68
header,188,2,ioctl(2),,Tue 07 Mar 2000 10:33:31 AM EST, + 297479982 msec,path,/devices/pseudo/pts@0:2,attribute,20620,root,tty,8388608,34508,6291458,argument,2,0x7414,cmd,argument,3,0xffbef694,arg,argument,2,0x70758614,strioctl:vnode,subject,root,root,root,root,root,2766,2765,24 2 ppp5-213.iawhk.com,return,success,0,trailer,188
header,188,2,ioctl(2),,Tue 07 Mar 2000 10:33:31 AM EST, + 307481938 msec,path,/devices/pseudo/pts@0:2,attribute,20620,root,tty,8388608,34508,6291458,argument,2,0x540d,cmd,argument,3,0x3836c,arg,argument,2,0x70758614,strioctl:vnode,subject,root,root,root,root,root,2766,2765,24 2 ppp5-213.iawhk.com,return,success,0,trailer,188
header,139,2,ioctl(2),,Tue 07 Mar 2000 10:33:31 AM EST, + 307481938 msec,path,/etc/profile,attribute,100644,root,sys,8388608,34303,0,argument,2,0x5401,cmd,argument,3,0xffbefb64,arg,subject,root,root,root,root,root,2766,2765,24 2 ppp5-213.iawhk.com,return,failure: Inappropriate ioctl for device,-1,trailer,139
header,139,2,ioctl(2),,Tue 07 Mar 2000 10:33:31 AM EST, + 307481938 msec,path,/etc/profile,attribute,100644,root,sys,8388608,34303,0,argument,2,0x5401,cmd,argument,3,0xffbefbc4,arg,subject,root,root,root,root,root,2766,2765,24 2 ppp5-213.iawhk.com,return,failure: Inappropriate ioctl for device,-1,trailer,139
header,126,2,close(2),,Tue 07 Mar 2000 10:33:31 AM EST, + 307481938 msec,argument,1,0x13,fd,path,/etc/profile,attribute,100644,root,sys,8388608,34303,0,subject,root,root,root,root,root,2766,2765,24 2 ppp5-213.iawhk.com,return,success,0,trailer,126
header,87,2,open(2) - read,,Tue 07 Mar 2000 10:33:31 AM EST, + 307481938 msec,path,/tmp/.profile,subject,root,root,root,root,root,2766,2765,24 2 ppp5-213.iawhk.com,return,failure: No such file or directory,-1,trailer,87
header,188,2,ioctl(2),,Tue 07 Mar 2000 10:33:31 AM EST, + 307481938 msec,path,/devices/pseudo/pts@0:2,attribute,20620,root,tty,8388608,34508,6291458,argument,2,0x5401,cmd,argument,3,0xffbefbcc,arg,argument,2,0x70758614,strioctl:vnode,subject,root,root,root,root,root,2766,2765,24 2 ppp5-213.iawhk.com,return,success,0,trailer,188
header,188,2,ioctl(2),,Tue 07 Mar 2000 10:33:31 AM EST, + 307481938 msec,path,/devices/pseudo/pts@0:2,attribute,20620,root,tty,8388608,34508,6291458,argument,2,0x5401,cmd,argument,3,0xffbefbcc,arg,argument,2,0x70758614,strioctl:vnode,subject,root,root,root,root,root,2766,2765,24 2 ppp5-213.iawhk.com,return,success,0,trailer,188
header,188,2,ioctl(2),,Tue 07 Mar 2000 10:33:31 AM EST, + 307481938 msec,path,/devices/pseudo/pts@0:2,attribute,20620,root,tty,8388608,34508,6291458,argument,2,0x540d,cmd,argument,3,0x3836c,arg,argument,2,0x70758614,strioctl:vnode,subject,root,root,root,root,root,2766,2765,24 2 ppp5-213.iawhk.com,return,success,0,trailer,188
header,188,2,ioctl(2),,Tue 07 Mar 2000 10:33:31 AM EST, + 307481938 msec,path,/devices/pseudo/pts@0:2,attribute,20620,root,tty,8388608,34508,6291458,argument,2,0x7414,cmd,argument,3,0xffbefbdc,arg,argument,2,0x70758614,strioctl:vnode,subject,root,root,root,root,root,2766,2765,24 2 ppp5-213.iawhk.com,return,success,0,trailer,188
header,91,2,stat(2),,Tue 07 Mar 2000 10:33:31 AM EST, + 307481938 msec,path,/var/mail/hacker2,subject,root,root,root,root,root,2766,2765,24 2 ppp5-213.iawhk.com,return,failure: No such file or directory,-1,trailer,91
header,145,2,close(2),,Tue 07 Mar 2000 10:33:31 AM EST, + 447475119 msec,path,/devices/pseudo/pts@0:2,attribute,20620,root,tty,8388608,34508,6291458,subject,root,root,root,root,root,2765,2765,24 2 ppp5-213.iawhk.com,return,success,0,trailer,145
header,145,2,close(2),,Tue 07 Mar 2000 10:33:31 AM EST, + 447475119 msec,path,/devices/pseudo/pts@0:2,attribute,20620,root,tty,8388608,34508,6291458,subject,root,root,root,root,root,2765,2765,24 2 ppp5-213.iawhk.com,return,success,0,trailer,145
header,145,2,close(2),,Tue 07 Mar 2000 10:33:31 AM EST, + 447475119 msec,path,/devices/pseudo/pts@0:2,attribute,20620,root,tty,8388608,34508,6291458,subject,root,root,root,root,root,2765,2765,24 2 ppp5-213.iawhk.com,return,success,0,trailer,145
header,130,2,close(2),,Tue 07 Mar 2000 10:33:31 AM EST, + 447475119 msec,path,/etc/.name_service_door,attribute,150444,root,root,46923776,385,46661632,subject,root,root,root,root,root,2765,2765,24 2 ppp5-213.iawhk.com,return,success,0,trailer,130
header,68,2,exit(2),,Tue 07 Mar 2000 10:33:31 AM EST, + 457477296 msec,subject,root,root,root,root,root,2765,2765,24 2 ppp5-213.iawhk.com,return,success,0,trailer,68
header,120,2,kill(2),,Tue 07 Mar 2000 10:33:31 AM EST, + 467483276 msec,argument,2,0x1,signal,process,root,root,root,root,root,2766,2765,6291458,ppp5-213.iawhk.com,subject,root,root,root,root,root,2766,2765,24 2 ppp5-213.iawhk.com,return,success,0,trailer,120
header,145,2,close(2),,Tue 07 Mar 2000 10:33:31 AM EST, + 467483276 msec,path,/devices/pseudo/pts@0:2,attribute,20620,root,tty,8388608,34508,6291458,subject,root,root,root,root,root,2766,2765,24 2 ppp5-213.iawhk.com,return,success,0,trailer,145
header,145,2,close(2),,Tue 07 Mar 2000 10:33:31 AM EST, + 467483276 msec,path,/devices/pseudo/pts@0:2,attribute,20620,root,tty,8388608,34508,6291458,subject,root,root,root,root,root,2766,2765,24 2 ppp5-213.iawhk.com,return,success,0,trailer,145
header,145,2,close(2),,Tue 07 Mar 2000 10:33:31 AM EST, + 467483276 msec,path,/devices/pseudo/pts@0:2,attribute,20620,root,tty,8388608,34508,6291458,subject,root,root,root,root,root,2766,2765,24 2 ppp5-213.iawhk.com,return,success,0,trailer,145
header,68,2,exit(2),,Tue 07 Mar 2000 10:33:31 AM EST, + 467483276 msec,subject,root,root,root,root,root,2766,2765,24 2 ppp5-213.iawhk.com,return,success,0,trailer,68
