header,120,2,rsh access,,Tue 07 Mar 2000 10:50:05 AM EST, + 794748038 msec,subject,root,root,root,root,root,2802,2802,0 0 ppp5-213.iawhk.com,text,cmd /tmp/.mstream/master-sol,text,remote user root,return,success,0,trailer,120
header,215,2,setaudit(2),,Tue 07 Mar 2000 10:50:05 AM EST, + 794748038 msec,argument,1,0x0,setaudit:auid,argument,1,0x0,setaudit:port,argument,1,0xca4da2d5,setaudit:machine,argument,1,0xffffffff,setaudit:as_success,argument,1,0xffffffff,setaudit:as_failure,argument,1,0xaf2,setaudit:asid,subject,root,root,root,root,root,2802,2802,0 0 ppp5-213.iawhk.com,return,success,0,trailer,215
header,80,2,old setgid(2),,Tue 07 Mar 2000 10:50:05 AM EST, + 794748038 msec,argument,1,0x0,gid,subject,root,root,root,root,root,2802,2802,0 0 ppp5-213.iawhk.com,return,success,0,trailer,80
header,113,2,open(2) - read,,Tue 07 Mar 2000 10:50:05 AM EST, + 794748038 msec,path,/etc/group,attribute,100644,root,sys,8388608,34301,0,subject,root,root,root,root,root,2802,2802,0 0 ppp5-213.iawhk.com,return,success,3,trailer,113
header,137,2,ioctl(2),,Tue 07 Mar 2000 10:50:05 AM EST, + 794748038 msec,path,/etc/group,attribute,100644,root,sys,8388608,34301,0,argument,2,0x5401,cmd,argument,3,0xffbef36c,arg,subject,root,root,root,root,root,2802,2802,0 0 ppp5-213.iawhk.com,return,failure: Inappropriate ioctl for device,-1,trailer,137
header,124,2,close(2),,Tue 07 Mar 2000 10:50:05 AM EST, + 794748038 msec,argument,1,0x3,fd,path,/etc/group,attribute,100644,root,sys,8388608,34301,0,subject,root,root,root,root,root,2802,2802,0 0 ppp5-213.iawhk.com,return,success,0,trailer,124
header,86,2,setgroups(2),,Tue 07 Mar 2000 10:50:05 AM EST, + 804748401 msec,argument,1,0x0,setgroups,subject,root,root,root,root,root,2802,2802,0 0 ppp5-213.iawhk.com,return,success,0,trailer,86
header,141,2,stat(2),,Tue 07 Mar 2000 10:50:05 AM EST, + 804748401 msec,path,/usr/lib/security/pam_rhosts_auth.so.1,attribute,100755,root,sys,8388614,45595,0,subject,root,root,root,root,root,2802,2802,0 0 ppp5-213.iawhk.com,return,success,0,trailer,141
header,80,2,old setuid(2),,Tue 07 Mar 2000 10:50:05 AM EST, + 804748401 msec,argument,1,0x0,uid,subject,root,root,root,root,root,2802,2802,0 0 ppp5-213.iawhk.com,return,success,0,trailer,80
header,107,2,chdir(2),,Tue 07 Mar 2000 10:50:05 AM EST, + 804748401 msec,path,/tmp,attribute,41777,sys,sys,1,234893721,0,subject,root,root,root,root,root,2802,2802,0 0 ppp5-213.iawhk.com,return,success,0,trailer,107
header,93,2,munmap(2),,Tue 07 Mar 2000 10:50:05 AM EST, + 804748401 msec,argument,1,0xff104000,addr,argument,2,0x4878,len,subject,root,root,root,root,root,2802,2802,0 0 ppp5-213.iawhk.com,return,success,0,trailer,93
header,93,2,munmap(2),,Tue 07 Mar 2000 10:50:05 AM EST, + 804748401 msec,argument,1,0xff0e0000,addr,argument,2,0x14ac6,len,subject,root,root,root,root,root,2802,2802,0 0 ppp5-213.iawhk.com,return,success,0,trailer,93
header,93,2,munmap(2),,Tue 07 Mar 2000 10:50:05 AM EST, + 804748401 msec,argument,1,0xff0d2000,addr,argument,2,0xf68,len,subject,root,root,root,root,root,2802,2802,0 0 ppp5-213.iawhk.com,return,success,0,trailer,93
header,93,2,munmap(2),,Tue 07 Mar 2000 10:50:05 AM EST, + 804748401 msec,argument,1,0xff0c0000,addr,argument,2,0x2adc,len,subject,root,root,root,root,root,2802,2802,0 0 ppp5-213.iawhk.com,return,success,0,trailer,93
header,93,2,munmap(2),,Tue 07 Mar 2000 10:50:05 AM EST, + 804748401 msec,argument,1,0xff120000,addr,argument,2,0xb40,len,subject,root,root,root,root,root,2802,2802,0 0 ppp5-213.iawhk.com,return,success,0,trailer,93
header,93,2,munmap(2),,Tue 07 Mar 2000 10:50:05 AM EST, + 804748401 msec,argument,1,0xff110000,addr,argument,2,0x9c6,len,subject,root,root,root,root,root,2802,2802,0 0 ppp5-213.iawhk.com,return,success,0,trailer,93
header,126,2,close(2),,Tue 07 Mar 2000 10:50:05 AM EST, + 804748401 msec,path,/etc/.name_service_door,attribute,150444,root,root,46923776,385,46661632,subject,root,root,root,root,root,2802,2802,0 0 ppp5-213.iawhk.com,return,success,0,trailer,126
header,151,2,execve(2),,Tue 07 Mar 2000 10:50:05 AM EST, + 804748401 msec,path,/usr/bin/sh,attribute,100555,bin,root,8388614,17210,0,exec_args,3,sh,-c,/tmp/.mstream/master-sol,subject,root,root,root,root,root,2802,2802,0 0 ppp5-213.iawhk.com,return,success,0,trailer,151
header,136,2,open(2) - read,,Tue 07 Mar 2000 10:50:05 AM EST, + 804748401 msec,path,/devices/pseudo/mm@0:zero,attribute,20666,root,sys,8388608,34323,3407884,subject,root,root,root,root,root,2802,2802,0 0 ppp5-213.iawhk.com,return,success,3,trailer,136
header,114,2,stat(2),,Tue 07 Mar 2000 10:50:05 AM EST, + 804748401 msec,path,/usr/bin/sh,attribute,100555,bin,root,8388614,17210,0,subject,root,root,root,root,root,2802,2802,0 0 ppp5-213.iawhk.com,return,success,0,trailer,114
header,123,2,open(2) - read,,Tue 07 Mar 2000 10:50:05 AM EST, + 804748401 msec,path,/usr/lib/libgen.so.1,attribute,100755,bin,bin,8388614,5853,0,subject,root,root,root,root,root,2802,2802,0 0 ppp5-213.iawhk.com,return,success,4,trailer,123
header,93,2,munmap(2),,Tue 07 Mar 2000 10:50:05 AM EST, + 804748401 msec,argument,1,0xff376000,addr,argument,2,0xe000,len,subject,root,root,root,root,root,2802,2802,0 0 ppp5-213.iawhk.com,return,success,0,trailer,93
header,134,2,close(2),,Tue 07 Mar 2000 10:50:05 AM EST, + 804748401 msec,argument,1,0x4,fd,path,/usr/lib/libgen.so.1,attribute,100755,bin,bin,8388614,5853,0,subject,root,root,root,root,root,2802,2802,0 0 ppp5-213.iawhk.com,return,success,0,trailer,134
header,121,2,open(2) - read,,Tue 07 Mar 2000 10:50:05 AM EST, + 804748401 msec,path,/usr/lib/libc.so.1,attribute,100755,bin,bin,8388614,5838,0,subject,root,root,root,root,root,2802,2802,0 0 ppp5-213.iawhk.com,return,success,4,trailer,121
header,93,2,munmap(2),,Tue 07 Mar 2000 10:50:05 AM EST, + 804748401 msec,argument,1,0xff324000,addr,argument,2,0xe000,len,subject,root,root,root,root,root,2802,2802,0 0 ppp5-213.iawhk.com,return,success,0,trailer,93
header,132,2,close(2),,Tue 07 Mar 2000 10:50:05 AM EST, + 804748401 msec,argument,1,0x4,fd,path,/usr/lib/libc.so.1,attribute,100755,bin,bin,8388614,5838,0,subject,root,root,root,root,root,2802,2802,0 0 ppp5-213.iawhk.com,return,success,0,trailer,132
header,122,2,open(2) - read,,Tue 07 Mar 2000 10:50:05 AM EST, + 804748401 msec,path,/usr/lib/libdl.so.1,attribute,100755,bin,bin,8388614,5849,0,subject,root,root,root,root,root,2802,2802,0 0 ppp5-213.iawhk.com,return,success,4,trailer,122
header,133,2,close(2),,Tue 07 Mar 2000 10:50:05 AM EST, + 804748401 msec,argument,1,0x4,fd,path,/usr/lib/libdl.so.1,attribute,100755,bin,bin,8388614,5849,0,subject,root,root,root,root,root,2802,2802,0 0 ppp5-213.iawhk.com,return,success,0,trailer,133
header,141,2,open(2) - read,,Tue 07 Mar 2000 10:50:05 AM EST, + 804748401 msec,path,/usr/platform/sun4u/lib/libc_psr.so.1,attribute,100755,bin,bin,8388614,11401,0,subject,root,root,root,root,root,2802,2802,0 0 ppp5-213.iawhk.com,return,success,4,trailer,141
header,152,2,close(2),,Tue 07 Mar 2000 10:50:05 AM EST, + 804748401 msec,argument,1,0x4,fd,path,/usr/platform/sun4u/lib/libc_psr.so.1,attribute,100755,bin,bin,8388614,11401,0,subject,root,root,root,root,root,2802,2802,0 0 ppp5-213.iawhk.com,return,success,0,trailer,152
header,147,2,close(2),,Tue 07 Mar 2000 10:50:05 AM EST, + 814750303 msec,argument,1,0x3,fd,path,/devices/pseudo/mm@0:zero,attribute,20666,root,sys,8388608,34323,3407884,subject,root,root,root,root,root,2802,2802,0 0 ppp5-213.iawhk.com,return,success,0,trailer,147
header,93,2,munmap(2),,Tue 07 Mar 2000 10:50:05 AM EST, + 814750303 msec,argument,1,0xff360000,addr,argument,2,0x2000,len,subject,root,root,root,root,root,2802,2802,0 0 ppp5-213.iawhk.com,return,success,0,trailer,93
header,68,2,setpgrp(2),,Tue 07 Mar 2000 10:50:05 AM EST, + 814750303 msec,subject,root,root,root,root,root,2802,2802,0 0 ppp5-213.iawhk.com,return,success,2802,trailer,68
header,68,2,setpgrp(2),,Tue 07 Mar 2000 10:50:05 AM EST, + 814750303 msec,subject,root,root,root,root,root,2802,2802,0 0 ppp5-213.iawhk.com,return,success,2802,trailer,68
header,141,2,ioctl(2),,Tue 07 Mar 2000 10:50:05 AM EST, + 814750303 msec,argument,1,0x2,no path: fd,attribute,10000,root,root,45875200,756,0,argument,2,0x5401,cmd,argument,3,0xffbefcf4,arg,subject,root,root,root,root,root,2802,2802,0 0 ppp5-213.iawhk.com,return,failure: Invalid argument,-1,trailer,141
header,86,2,fork(2),,Tue 07 Mar 2000 10:50:05 AM EST, + 824749007 msec,argument,0,0xaf3,child PID,subject,root,root,root,root,root,2802,2802,0 0 ppp5-213.iawhk.com,return,success,0,trailer,86
header,157,2,execve(2),,Tue 07 Mar 2000 10:50:05 AM EST, + 824749007 msec,path,/tmp/.mstream/master-sol,attribute,100755,root,root,1,236074903,4294967295,exec_args,1,/tmp/.mstream/master-sol,subject,root,root,root,root,root,2803,2802,0 0 ppp5-213.iawhk.com,return,success,0,trailer,157
header,136,2,open(2) - read,,Tue 07 Mar 2000 10:50:05 AM EST, + 824749007 msec,path,/devices/pseudo/mm@0:zero,attribute,20666,root,sys,8388608,34323,3407884,subject,root,root,root,root,root,2803,2802,0 0 ppp5-213.iawhk.com,return,success,3,trailer,136
header,127,2,stat(2),,Tue 07 Mar 2000 10:50:05 AM EST, + 824749007 msec,path,/tmp/.mstream/master-sol,attribute,100755,root,root,1,236074903,4294967295,subject,root,root,root,root,root,2803,2802,0 0 ppp5-213.iawhk.com,return,success,0,trailer,127
header,123,2,open(2) - read,,Tue 07 Mar 2000 10:50:05 AM EST, + 824749007 msec,path,/usr/lib/libnsl.so.1,attribute,100755,bin,bin,8388614,5868,0,subject,root,root,root,root,root,2803,2802,0 0 ppp5-213.iawhk.com,return,success,4,trailer,123
header,93,2,munmap(2),,Tue 07 Mar 2000 10:50:05 AM EST, + 824749007 msec,argument,1,0xff302000,addr,argument,2,0xe000,len,subject,root,root,root,root,root,2803,2802,0 0 ppp5-213.iawhk.com,return,success,0,trailer,93
header,134,2,close(2),,Tue 07 Mar 2000 10:50:05 AM EST, + 824749007 msec,argument,1,0x4,fd,path,/usr/lib/libnsl.so.1,attribute,100755,bin,bin,8388614,5868,0,subject,root,root,root,root,root,2803,2802,0 0 ppp5-213.iawhk.com,return,success,0,trailer,134
header,126,2,open(2) - read,,Tue 07 Mar 2000 10:50:05 AM EST, + 824749007 msec,path,/usr/lib/libsocket.so.1,attribute,100755,bin,bin,8388614,5883,0,subject,root,root,root,root,root,2803,2802,0 0 ppp5-213.iawhk.com,return,success,4,trailer,126
header,93,2,munmap(2),,Tue 07 Mar 2000 10:50:05 AM EST, + 834750286 msec,argument,1,0xff378000,addr,argument,2,0xe000,len,subject,root,root,root,root,root,2803,2802,0 0 ppp5-213.iawhk.com,return,success,0,trailer,93
header,137,2,close(2),,Tue 07 Mar 2000 10:50:05 AM EST, + 834750286 msec,argument,1,0x4,fd,path,/usr/lib/libsocket.so.1,attribute,100755,bin,bin,8388614,5883,0,subject,root,root,root,root,root,2803,2802,0 0 ppp5-213.iawhk.com,return,success,0,trailer,137
header,121,2,open(2) - read,,Tue 07 Mar 2000 10:50:05 AM EST, + 834750286 msec,path,/usr/lib/libc.so.1,attribute,100755,bin,bin,8388614,5838,0,subject,root,root,root,root,root,2803,2802,0 0 ppp5-213.iawhk.com,return,success,4,trailer,121
header,93,2,munmap(2),,Tue 07 Mar 2000 10:50:05 AM EST, + 834750286 msec,argument,1,0xff224000,addr,argument,2,0xe000,len,subject,root,root,root,root,root,2803,2802,0 0 ppp5-213.iawhk.com,return,success,0,trailer,93
header,132,2,close(2),,Tue 07 Mar 2000 10:50:05 AM EST, + 834750286 msec,argument,1,0x4,fd,path,/usr/lib/libc.so.1,attribute,100755,bin,bin,8388614,5838,0,subject,root,root,root,root,root,2803,2802,0 0 ppp5-213.iawhk.com,return,success,0,trailer,132
header,122,2,open(2) - read,,Tue 07 Mar 2000 10:50:05 AM EST, + 834750286 msec,path,/usr/lib/libdl.so.1,attribute,100755,bin,bin,8388614,5849,0,subject,root,root,root,root,root,2803,2802,0 0 ppp5-213.iawhk.com,return,success,4,trailer,122
header,133,2,close(2),,Tue 07 Mar 2000 10:50:05 AM EST, + 834750286 msec,argument,1,0x4,fd,path,/usr/lib/libdl.so.1,attribute,100755,bin,bin,8388614,5849,0,subject,root,root,root,root,root,2803,2802,0 0 ppp5-213.iawhk.com,return,success,0,trailer,133
header,122,2,open(2) - read,,Tue 07 Mar 2000 10:50:05 AM EST, + 834750286 msec,path,/usr/lib/libmp.so.2,attribute,100755,bin,bin,8388614,5865,0,subject,root,root,root,root,root,2803,2802,0 0 ppp5-213.iawhk.com,return,success,4,trailer,122
header,93,2,munmap(2),,Tue 07 Mar 2000 10:50:05 AM EST, + 834750286 msec,argument,1,0xff344000,addr,argument,2,0xe000,len,subject,root,root,root,root,root,2803,2802,0 0 ppp5-213.iawhk.com,return,success,0,trailer,93
header,133,2,close(2),,Tue 07 Mar 2000 10:50:05 AM EST, + 834750286 msec,argument,1,0x4,fd,path,/usr/lib/libmp.so.2,attribute,100755,bin,bin,8388614,5865,0,subject,root,root,root,root,root,2803,2802,0 0 ppp5-213.iawhk.com,return,success,0,trailer,133
header,141,2,open(2) - read,,Tue 07 Mar 2000 10:50:05 AM EST, + 834750286 msec,path,/usr/platform/sun4u/lib/libc_psr.so.1,attribute,100755,bin,bin,8388614,11401,0,subject,root,root,root,root,root,2803,2802,0 0 ppp5-213.iawhk.com,return,success,4,trailer,141
header,152,2,close(2),,Tue 07 Mar 2000 10:50:05 AM EST, + 834750286 msec,argument,1,0x4,fd,path,/usr/platform/sun4u/lib/libc_psr.so.1,attribute,100755,bin,bin,8388614,11401,0,subject,root,root,root,root,root,2803,2802,0 0 ppp5-213.iawhk.com,return,success,0,trailer,152
header,147,2,close(2),,Tue 07 Mar 2000 10:50:05 AM EST, + 834750286 msec,argument,1,0x3,fd,path,/devices/pseudo/mm@0:zero,attribute,20666,root,sys,8388608,34323,3407884,subject,root,root,root,root,root,2803,2802,0 0 ppp5-213.iawhk.com,return,success,0,trailer,147
header,93,2,munmap(2),,Tue 07 Mar 2000 10:50:05 AM EST, + 834750286 msec,argument,1,0xff360000,addr,argument,2,0x2000,len,subject,root,root,root,root,root,2803,2802,0 0 ppp5-213.iawhk.com,return,success,0,trailer,93
header,135,2,socket(2),,Tue 07 Mar 2000 10:50:05 AM EST, + 844752751 msec,argument,1,0x2,domain,argument,2,0x2,type,argument,3,0x6,protocol,argument,3,0x3,stropen: flag,subject,root,root,root,root,root,2803,2802,0 0 ppp5-213.iawhk.com,return,success,3,trailer,135
header,135,2,socket(2),,Tue 07 Mar 2000 10:50:05 AM EST, + 844752751 msec,argument,1,0x2,domain,argument,2,0x1,type,argument,3,0x11,protocol,argument,3,0x3,stropen: flag,subject,root,root,root,root,root,2803,2802,0 0 ppp5-213.iawhk.com,return,success,4,trailer,135
header,88,2,bind(2),,Tue 07 Mar 2000 10:50:05 AM EST, + 844752751 msec,argument,1,0x3,fd,socket,0x0002,0x1a43,0.0.0.0,subject,root,root,root,root,root,2803,2802,0 0 ppp5-213.iawhk.com,return,success,0,trailer,88
header,137,2,setsockopt(2),,Tue 07 Mar 2000 10:50:05 AM EST, + 844752751 msec,socket,0x0002,0x1a43,0.0.0.0,argument,2,0xffff,level,argument,3,0x8,optname,argument,4,0x1,optval,argument,5,0x4,optlen,subject,root,root,root,root,root,2803,2802,0 0 ppp5-213.iawhk.com,return,success,0,trailer,137
header,137,2,setsockopt(2),,Tue 07 Mar 2000 10:50:05 AM EST, + 844752751 msec,socket,0x0002,0x1a43,0.0.0.0,argument,2,0xffff,level,argument,3,0x4,optname,argument,4,0x1,optval,argument,5,0x4,optlen,subject,root,root,root,root,root,2803,2802,0 0 ppp5-213.iawhk.com,return,success,0,trailer,137
header,137,2,setsockopt(2),,Tue 07 Mar 2000 10:50:05 AM EST, + 844752751 msec,socket,0x0002,0x1a43,0.0.0.0,argument,2,0xffff,level,argument,3,0x2000,optname,argument,4,0x220,optval,argument,5,0x4,optlen,subject,root,root,root,root,root,2803,2802,0 0 ppp5-213.iawhk.com,return,success,0,trailer,137
header,129,2,fcntl(2),,Tue 07 Mar 2000 10:50:05 AM EST, + 844752751 msec,argument,2,0x4,cmd,argument,1,0x3,no path: fd,attribute,140666,root,root,45613056,10851,0,subject,root,root,root,root,root,2803,2802,0 0 ppp5-213.iawhk.com,return,success,0,trailer,129
header,88,2,bind(2),,Tue 07 Mar 2000 10:50:05 AM EST, + 844752751 msec,argument,1,0x4,fd,socket,0x0002,0x246d,0.0.0.0,subject,root,root,root,root,root,2803,2802,0 0 ppp5-213.iawhk.com,return,success,0,trailer,88
header,137,2,setsockopt(2),,Tue 07 Mar 2000 10:50:05 AM EST, + 844752751 msec,socket,0x0002,0x246d,0.0.0.0,argument,2,0xffff,level,argument,3,0x8,optname,argument,4,0x1,optval,argument,5,0x4,optlen,subject,root,root,root,root,root,2803,2802,0 0 ppp5-213.iawhk.com,return,success,0,trailer,137
header,137,2,setsockopt(2),,Tue 07 Mar 2000 10:50:05 AM EST, + 844752751 msec,socket,0x0002,0x246d,0.0.0.0,argument,2,0xffff,level,argument,3,0x4,optname,argument,4,0x1,optval,argument,5,0x4,optlen,subject,root,root,root,root,root,2803,2802,0 0 ppp5-213.iawhk.com,return,success,0,trailer,137
header,86,2,fork(2),,Tue 07 Mar 2000 10:50:05 AM EST, + 844752751 msec,argument,0,0xaf4,child PID,subject,root,root,root,root,root,2803,2802,0 0 ppp5-213.iawhk.com,return,success,0,trailer,86
header,164,2,ioctl(2),,Tue 07 Mar 2000 10:50:05 AM EST, + 844752751 msec,argument,1,0x1,no path: fd,attribute,140666,root,root,45613056,10849,0,argument,2,0x5401,cmd,argument,3,0xffbee1dc,arg,argument,2,0x7054c330,strioctl:vnode,subject,root,root,root,root,root,2803,2802,0 0 ppp5-213.iawhk.com,return,failure: Invalid argument,-1,trailer,164
header,117,2,close(2),,Tue 07 Mar 2000 10:50:05 AM EST, + 844752751 msec,argument,1,0x7092dec8,no path: fp,attribute,140666,root,root,45613056,10849,0,subject,root,root,root,root,root,2803,2802,0 0 ppp5-213.iawhk.com,return,success,0,trailer,117
header,117,2,close(2),,Tue 07 Mar 2000 10:50:05 AM EST, + 844752751 msec,argument,1,0x7092dec8,no path: fp,attribute,140666,root,root,45613056,10849,0,subject,root,root,root,root,root,2803,2802,0 0 ppp5-213.iawhk.com,return,success,0,trailer,117
header,117,2,close(2),,Tue 07 Mar 2000 10:50:05 AM EST, + 844752751 msec,argument,1,0x705f6898,no path: fp,attribute,10000,root,root,45875200,756,0,subject,root,root,root,root,root,2803,2802,0 0 ppp5-213.iawhk.com,return,success,0,trailer,117
header,117,2,close(2),,Tue 07 Mar 2000 10:50:05 AM EST, + 844752751 msec,argument,1,0x705f6c08,no path: fp,attribute,140666,root,root,45613056,10851,0,subject,root,root,root,root,root,2803,2802,0 0 ppp5-213.iawhk.com,return,success,0,trailer,117
header,117,2,close(2),,Tue 07 Mar 2000 10:50:05 AM EST, + 844752751 msec,argument,1,0x705f6f78,no path: fp,attribute,140666,root,root,45613056,10848,0,subject,root,root,root,root,root,2803,2802,0 0 ppp5-213.iawhk.com,return,success,0,trailer,117
header,68,2,exit(2),,Tue 07 Mar 2000 10:50:05 AM EST, + 844752751 msec,subject,root,root,root,root,root,2803,2802,0 0 ppp5-213.iawhk.com,return,success,0,trailer,68
header,164,2,ioctl(2),,Tue 07 Mar 2000 10:50:05 AM EST, + 854750072 msec,argument,1,0x0,no path: fd,attribute,140666,root,root,45613056,10849,0,argument,2,0x7414,cmd,argument,3,0xffbefbac,arg,argument,2,0x7054c330,strioctl:vnode,subject,root,root,root,root,root,2802,2802,0 0 ppp5-213.iawhk.com,return,failure: Connection reset by peer,-1,trailer,164
header,68,2,setpgrp(2),,Tue 07 Mar 2000 10:50:05 AM EST, + 854750072 msec,subject,root,root,root,root,root,2802,2802,0 0 ppp5-213.iawhk.com,return,success,2802,trailer,68
header,164,2,ioctl(2),,Tue 07 Mar 2000 10:50:05 AM EST, + 854750072 msec,argument,1,0x0,no path: fd,attribute,140666,root,root,45613056,10849,0,argument,2,0x7414,cmd,argument,3,0xffbefbac,arg,argument,2,0x7054c330,strioctl:vnode,subject,root,root,root,root,root,2802,2802,0 0 ppp5-213.iawhk.com,return,failure: Broken pipe,-1,trailer,164
header,117,2,close(2),,Tue 07 Mar 2000 10:50:05 AM EST, + 854750072 msec,argument,1,0x7092dec8,no path: fp,attribute,140666,root,root,45613056,10849,0,subject,root,root,root,root,root,2802,2802,0 0 ppp5-213.iawhk.com,return,success,0,trailer,117
header,117,2,close(2),,Tue 07 Mar 2000 10:50:05 AM EST, + 854750072 msec,argument,1,0x7092dec8,no path: fp,attribute,140666,root,root,45613056,10849,0,subject,root,root,root,root,root,2802,2802,0 0 ppp5-213.iawhk.com,return,success,0,trailer,117
header,117,2,close(2),,Tue 07 Mar 2000 10:50:05 AM EST, + 854750072 msec,argument,1,0x705f6898,no path: fp,attribute,10000,root,root,45875200,756,0,subject,root,root,root,root,root,2802,2802,0 0 ppp5-213.iawhk.com,return,success,0,trailer,117
header,68,2,exit(2),,Tue 07 Mar 2000 10:50:05 AM EST, + 854750072 msec,subject,root,root,root,root,root,2802,2802,0 0 ppp5-213.iawhk.com,return,success,0,trailer,68
header,128,2,recvfrom(2),,Tue 07 Mar 2000 10:50:19 AM EST, + 834856051 msec,socket,0x0002,0x246d,0.0.0.0,argument,3,0x3ff,len,argument,4,0x0,flags,socket,0x0002,0x83fa,172.16.115.20,argument,6,0x10,fromlen,subject,root,root,root,root,root,2804,2802,0 0 ppp5-213.iawhk.com,return,success,9,trailer,128
header,80,2,open(2) - read,,Tue 07 Mar 2000 10:50:19 AM EST, + 834856051 msec,path,/tmp/.sr,subject,root,root,root,root,root,2804,2802,0 0 ppp5-213.iawhk.com,return,failure: No such file or directory,-1,trailer,80
header,109,2,open(2) - write,creat,trunc,,Tue 07 Mar 2000 10:50:19 AM EST, + 834856051 msec,path,/tmp/.sr,attribute,100666,root,root,1,235874571,4294967295,subject,root,root,root,root,root,2804,2802,0 0 ppp5-213.iawhk.com,return,success,5,trailer,109
header,120,2,close(2),,Tue 07 Mar 2000 10:50:19 AM EST, + 834856051 msec,argument,1,0x5,fd,path,/tmp/.sr,attribute,100666,root,root,1,235874571,4294967295,subject,root,root,root,root,root,2804,2802,0 0 ppp5-213.iawhk.com,return,success,0,trailer,120
header,128,2,recvfrom(2),,Tue 07 Mar 2000 10:50:36 AM EST, + 614974952 msec,socket,0x0002,0x246d,0.0.0.0,argument,3,0x3ff,len,argument,4,0x0,flags,socket,0x0002,0x803a,172.16.112.10,argument,6,0x10,fromlen,subject,root,root,root,root,root,2804,2802,0 0 ppp5-213.iawhk.com,return,success,9,trailer,128
header,109,2,open(2) - read,,Tue 07 Mar 2000 10:50:36 AM EST, + 614974952 msec,path,/tmp/.sr,attribute,100666,root,root,1,235874571,4294967295,subject,root,root,root,root,root,2804,2802,0 0 ppp5-213.iawhk.com,return,success,5,trailer,109
header,133,2,ioctl(2),,Tue 07 Mar 2000 10:50:36 AM EST, + 614974952 msec,path,/tmp/.sr,attribute,100666,root,root,1,235874571,4294967295,argument,2,0x5401,cmd,argument,3,0xffbeefa4,arg,subject,root,root,root,root,root,2804,2802,0 0 ppp5-213.iawhk.com,return,failure: Inappropriate ioctl for device,-1,trailer,133
header,120,2,close(2),,Tue 07 Mar 2000 10:50:36 AM EST, + 614974952 msec,argument,1,0x5,fd,path,/tmp/.sr,attribute,100666,root,root,1,235874571,4294967295,subject,root,root,root,root,root,2804,2802,0 0 ppp5-213.iawhk.com,return,success,0,trailer,120
header,80,2,open(2) - write,,Tue 07 Mar 2000 10:50:36 AM EST, + 614974952 msec,path,/tmp/.sr,subject,root,root,root,root,root,2804,2802,0 0 ppp5-213.iawhk.com,return,success,5,trailer,80
header,133,2,ioctl(2),,Tue 07 Mar 2000 10:50:36 AM EST, + 614974952 msec,path,/tmp/.sr,attribute,100666,root,root,1,235874571,4294967295,argument,2,0x5401,cmd,argument,3,0xffbee254,arg,subject,root,root,root,root,root,2804,2802,0 0 ppp5-213.iawhk.com,return,failure: Inappropriate ioctl for device,-1,trailer,133
header,120,2,close(2),,Tue 07 Mar 2000 10:50:36 AM EST, + 614974952 msec,argument,1,0x5,fd,path,/tmp/.sr,attribute,100666,root,root,1,235874571,4294967295,subject,root,root,root,root,root,2804,2802,0 0 ppp5-213.iawhk.com,return,success,0,trailer,120
header,128,2,recvfrom(2),,Tue 07 Mar 2000 10:50:52 AM EST, + 655086449 msec,socket,0x0002,0x246d,0.0.0.0,argument,3,0x3ff,len,argument,4,0x0,flags,socket,0x0002,0x869b,172.16.112.50,argument,6,0x10,fromlen,subject,root,root,root,root,root,2804,2802,0 0 ppp5-213.iawhk.com,return,success,9,trailer,128
header,109,2,open(2) - read,,Tue 07 Mar 2000 10:50:52 AM EST, + 655086449 msec,path,/tmp/.sr,attribute,100666,root,root,1,235874571,4294967295,subject,root,root,root,root,root,2804,2802,0 0 ppp5-213.iawhk.com,return,success,5,trailer,109
header,133,2,ioctl(2),,Tue 07 Mar 2000 10:50:52 AM EST, + 655086449 msec,path,/tmp/.sr,attribute,100666,root,root,1,235874571,4294967295,argument,2,0x5401,cmd,argument,3,0xffbeefa4,arg,subject,root,root,root,root,root,2804,2802,0 0 ppp5-213.iawhk.com,return,failure: Inappropriate ioctl for device,-1,trailer,133
header,120,2,close(2),,Tue 07 Mar 2000 10:50:52 AM EST, + 655086449 msec,argument,1,0x5,fd,path,/tmp/.sr,attribute,100666,root,root,1,235874571,4294967295,subject,root,root,root,root,root,2804,2802,0 0 ppp5-213.iawhk.com,return,success,0,trailer,120
header,80,2,open(2) - write,,Tue 07 Mar 2000 10:50:52 AM EST, + 655086449 msec,path,/tmp/.sr,subject,root,root,root,root,root,2804,2802,0 0 ppp5-213.iawhk.com,return,success,5,trailer,80
header,133,2,ioctl(2),,Tue 07 Mar 2000 10:50:52 AM EST, + 655086449 msec,path,/tmp/.sr,attribute,100666,root,root,1,235874571,4294967295,argument,2,0x5401,cmd,argument,3,0xffbee254,arg,subject,root,root,root,root,root,2804,2802,0 0 ppp5-213.iawhk.com,return,failure: Inappropriate ioctl for device,-1,trailer,133
header,120,2,close(2),,Tue 07 Mar 2000 10:50:52 AM EST, + 655086449 msec,argument,1,0x5,fd,path,/tmp/.sr,attribute,100666,root,root,1,235874571,4294967295,subject,root,root,root,root,root,2804,2802,0 0 ppp5-213.iawhk.com,return,success,0,trailer,120
header,108,2,accept(2),,Tue 07 Mar 2000 11:26:33 AM EST, + 460847205 msec,argument,3,0x3,stropen: flag,socket,0x0002,0x1a43,0.0.0.0,socket,0x0002,0x8263,localhost,subject,root,root,root,root,root,2804,2802,0 0 ppp5-213.iawhk.com,return,success,5,trailer,108
header,117,2,open(2) - read,,Tue 07 Mar 2000 11:26:33 AM EST, + 460847205 msec,path,/etc/netconfig,attribute,100644,root,sys,8388608,34298,0,subject,root,root,root,root,root,2804,2802,0 0 ppp5-213.iawhk.com,return,success,6,trailer,117
header,141,2,ioctl(2),,Tue 07 Mar 2000 11:26:33 AM EST, + 460847205 msec,path,/etc/netconfig,attribute,100644,root,sys,8388608,34298,0,argument,2,0x5401,cmd,argument,3,0xffbee994,arg,subject,root,root,root,root,root,2804,2802,0 0 ppp5-213.iawhk.com,return,failure: Inappropriate ioctl for device,-1,trailer,141
header,128,2,close(2),,Tue 07 Mar 2000 11:26:33 AM EST, + 460847205 msec,argument,1,0x6,fd,path,/etc/netconfig,attribute,100644,root,sys,8388608,34298,0,subject,root,root,root,root,root,2804,2802,0 0 ppp5-213.iawhk.com,return,success,0,trailer,128
header,109,2,open(2) - read,,Tue 07 Mar 2000 11:26:36 AM EST, + 770865986 msec,path,/tmp/.sr,attribute,100666,root,root,1,235874571,4294967295,subject,root,root,root,root,root,2804,2802,0 0 ppp5-213.iawhk.com,return,success,6,trailer,109
header,133,2,ioctl(2),,Tue 07 Mar 2000 11:26:36 AM EST, + 770865986 msec,path,/tmp/.sr,attribute,100666,root,root,1,235874571,4294967295,argument,2,0x5401,cmd,argument,3,0xffbeefa4,arg,subject,root,root,root,root,root,2804,2802,0 0 ppp5-213.iawhk.com,return,failure: Inappropriate ioctl for device,-1,trailer,133
header,120,2,close(2),,Tue 07 Mar 2000 11:26:36 AM EST, + 770865986 msec,argument,1,0x6,fd,path,/tmp/.sr,attribute,100666,root,root,1,235874571,4294967295,subject,root,root,root,root,root,2804,2802,0 0 ppp5-213.iawhk.com,return,success,0,trailer,120
header,102,2,close(2),,Tue 07 Mar 2000 11:26:46 AM EST, + 946284 msec,argument,1,0x5,fd,argument,2,0x83,strclose: flag,subject,root,root,root,root,root,2804,2802,0 0 ppp5-213.iawhk.com,return,success,0,trailer,102
header,128,2,recvfrom(2),,Tue 07 Mar 2000 11:27:07 AM EST, + 621139580 msec,socket,0x0002,0x246d,0.0.0.0,argument,3,0x3ff,len,argument,4,0x0,flags,socket,0x0002,0x8407,172.16.115.20,argument,6,0x10,fromlen,subject,root,root,root,root,root,2804,2802,0 0 ppp5-213.iawhk.com,return,success,9,trailer,128
header,109,2,open(2) - read,,Tue 07 Mar 2000 11:27:07 AM EST, + 621139580 msec,path,/tmp/.sr,attribute,100666,root,root,1,235874571,4294967295,subject,root,root,root,root,root,2804,2802,0 0 ppp5-213.iawhk.com,return,success,5,trailer,109
header,133,2,ioctl(2),,Tue 07 Mar 2000 11:27:07 AM EST, + 621139580 msec,path,/tmp/.sr,attribute,100666,root,root,1,235874571,4294967295,argument,2,0x5401,cmd,argument,3,0xffbeefa4,arg,subject,root,root,root,root,root,2804,2802,0 0 ppp5-213.iawhk.com,return,failure: Inappropriate ioctl for device,-1,trailer,133
header,120,2,close(2),,Tue 07 Mar 2000 11:27:07 AM EST, + 621139580 msec,argument,1,0x5,fd,path,/tmp/.sr,attribute,100666,root,root,1,235874571,4294967295,subject,root,root,root,root,root,2804,2802,0 0 ppp5-213.iawhk.com,return,success,0,trailer,120
header,80,2,open(2) - write,,Tue 07 Mar 2000 11:27:07 AM EST, + 621139580 msec,path,/tmp/.sr,subject,root,root,root,root,root,2804,2802,0 0 ppp5-213.iawhk.com,return,success,5,trailer,80
header,133,2,ioctl(2),,Tue 07 Mar 2000 11:27:07 AM EST, + 621139580 msec,path,/tmp/.sr,attribute,100666,root,root,1,235874571,4294967295,argument,2,0x5401,cmd,argument,3,0xffbee254,arg,subject,root,root,root,root,root,2804,2802,0 0 ppp5-213.iawhk.com,return,failure: Inappropriate ioctl for device,-1,trailer,133
header,120,2,close(2),,Tue 07 Mar 2000 11:27:07 AM EST, + 621139580 msec,argument,1,0x5,fd,path,/tmp/.sr,attribute,100666,root,root,1,235874571,4294967295,subject,root,root,root,root,root,2804,2802,0 0 ppp5-213.iawhk.com,return,success,0,trailer,120
header,108,2,accept(2),,Tue 07 Mar 2000 11:27:16 AM EST, + 121222090 msec,argument,3,0x3,stropen: flag,socket,0x0002,0x1a43,0.0.0.0,socket,0x0002,0x8264,localhost,subject,root,root,root,root,root,2804,2802,0 0 ppp5-213.iawhk.com,return,success,5,trailer,108
header,109,2,open(2) - read,,Tue 07 Mar 2000 11:27:18 AM EST, + 931243015 msec,path,/tmp/.sr,attribute,100666,root,root,1,235874571,4294967295,subject,root,root,root,root,root,2804,2802,0 0 ppp5-213.iawhk.com,return,success,6,trailer,109
header,133,2,ioctl(2),,Tue 07 Mar 2000 11:27:18 AM EST, + 931243015 msec,path,/tmp/.sr,attribute,100666,root,root,1,235874571,4294967295,argument,2,0x5401,cmd,argument,3,0xffbeefa4,arg,subject,root,root,root,root,root,2804,2802,0 0 ppp5-213.iawhk.com,return,failure: Inappropriate ioctl for device,-1,trailer,133
header,120,2,close(2),,Tue 07 Mar 2000 11:27:18 AM EST, + 931243015 msec,argument,1,0x6,fd,path,/tmp/.sr,attribute,100666,root,root,1,235874571,4294967295,subject,root,root,root,root,root,2804,2802,0 0 ppp5-213.iawhk.com,return,success,0,trailer,120
header,135,2,socket(2),,Tue 07 Mar 2000 11:27:49 AM EST, + 711469591 msec,argument,1,0x2,domain,argument,2,0x1,type,argument,3,0x11,protocol,argument,3,0x3,stropen: flag,subject,root,root,root,root,root,2804,2802,0 0 ppp5-213.iawhk.com,return,success,6,trailer,135
header,109,2,open(2) - read,,Tue 07 Mar 2000 11:27:49 AM EST, + 711469591 msec,path,/tmp/.sr,attribute,100666,root,root,1,235874571,4294967295,subject,root,root,root,root,root,2804,2802,0 0 ppp5-213.iawhk.com,return,success,7,trailer,109
header,133,2,ioctl(2),,Tue 07 Mar 2000 11:27:49 AM EST, + 711469591 msec,path,/tmp/.sr,attribute,100666,root,root,1,235874571,4294967295,argument,2,0x5401,cmd,argument,3,0xffbee714,arg,subject,root,root,root,root,root,2804,2802,0 0 ppp5-213.iawhk.com,return,failure: Inappropriate ioctl for device,-1,trailer,133
header,128,2,sendto(2),,Tue 07 Mar 2000 11:27:49 AM EST, + 711469591 msec,argument,1,0x6,fd,argument,3,0x16,len,argument,4,0x0,flags,argument,6,0x10,tolen,socket,0x0002,0x1f2f,172.16.112.10,subject,root,root,root,root,root,2804,2802,0 0 ppp5-213.iawhk.com,return,success,22,trailer,128
header,126,2,sendto(2),,Tue 07 Mar 2000 11:27:49 AM EST, + 711469591 msec,socket,0x0002,0x0000,0.0.0.0,argument,3,0x16,len,argument,4,0x0,flags,argument,6,0x10,tolen,socket,0x0002,0x1f2f,172.16.112.50,subject,root,root,root,root,root,2804,2802,0 0 ppp5-213.iawhk.com,return,success,22,trailer,126
header,126,2,sendto(2),,Tue 07 Mar 2000 11:27:49 AM EST, + 711469591 msec,socket,0x0002,0x0000,0.0.0.0,argument,3,0x16,len,argument,4,0x0,flags,argument,6,0x10,tolen,socket,0x0002,0x1f2f,172.16.115.20,subject,root,root,root,root,root,2804,2802,0 0 ppp5-213.iawhk.com,return,success,22,trailer,126
header,102,2,close(2),,Tue 07 Mar 2000 11:34:19 AM EST, + 654367202 msec,argument,1,0x5,fd,argument,2,0x83,strclose: flag,subject,root,root,root,root,root,2804,2802,0 0 ppp5-213.iawhk.com,return,success,0,trailer,102
