header,134,2,rsh access,,Tue 07 Mar 2000 10:50:19 AM EST, + 794853079 msec,subject,root,root,root,root,root,2806,2806,0 0 ppp5-213.iawhk.com,text,cmd /tmp/.mstream/server-sol 172.16.115.20,text,remote user root,return,success,0,trailer,134
header,215,2,setaudit(2),,Tue 07 Mar 2000 10:50:19 AM EST, + 794853079 msec,argument,1,0x0,setaudit:auid,argument,1,0x0,setaudit:port,argument,1,0xca4da2d5,setaudit:machine,argument,1,0xffffffff,setaudit:as_success,argument,1,0xffffffff,setaudit:as_failure,argument,1,0xaf6,setaudit:asid,subject,root,root,root,root,root,2806,2806,0 0 ppp5-213.iawhk.com,return,success,0,trailer,215
header,80,2,old setgid(2),,Tue 07 Mar 2000 10:50:19 AM EST, + 794853079 msec,argument,1,0x0,gid,subject,root,root,root,root,root,2806,2806,0 0 ppp5-213.iawhk.com,return,success,0,trailer,80
header,113,2,open(2) - read,,Tue 07 Mar 2000 10:50:19 AM EST, + 794853079 msec,path,/etc/group,attribute,100644,root,sys,8388608,34301,0,subject,root,root,root,root,root,2806,2806,0 0 ppp5-213.iawhk.com,return,success,3,trailer,113
header,137,2,ioctl(2),,Tue 07 Mar 2000 10:50:19 AM EST, + 794853079 msec,path,/etc/group,attribute,100644,root,sys,8388608,34301,0,argument,2,0x5401,cmd,argument,3,0xffbef36c,arg,subject,root,root,root,root,root,2806,2806,0 0 ppp5-213.iawhk.com,return,failure: Inappropriate ioctl for device,-1,trailer,137
header,124,2,close(2),,Tue 07 Mar 2000 10:50:19 AM EST, + 794853079 msec,argument,1,0x3,fd,path,/etc/group,attribute,100644,root,sys,8388608,34301,0,subject,root,root,root,root,root,2806,2806,0 0 ppp5-213.iawhk.com,return,success,0,trailer,124
header,86,2,setgroups(2),,Tue 07 Mar 2000 10:50:19 AM EST, + 794853079 msec,argument,1,0x0,setgroups,subject,root,root,root,root,root,2806,2806,0 0 ppp5-213.iawhk.com,return,success,0,trailer,86
header,141,2,stat(2),,Tue 07 Mar 2000 10:50:19 AM EST, + 794853079 msec,path,/usr/lib/security/pam_rhosts_auth.so.1,attribute,100755,root,sys,8388614,45595,0,subject,root,root,root,root,root,2806,2806,0 0 ppp5-213.iawhk.com,return,success,0,trailer,141
header,80,2,old setuid(2),,Tue 07 Mar 2000 10:50:19 AM EST, + 794853079 msec,argument,1,0x0,uid,subject,root,root,root,root,root,2806,2806,0 0 ppp5-213.iawhk.com,return,success,0,trailer,80
header,107,2,chdir(2),,Tue 07 Mar 2000 10:50:19 AM EST, + 794853079 msec,path,/tmp,attribute,41777,sys,sys,1,234893721,0,subject,root,root,root,root,root,2806,2806,0 0 ppp5-213.iawhk.com,return,success,0,trailer,107
header,93,2,munmap(2),,Tue 07 Mar 2000 10:50:19 AM EST, + 804853382 msec,argument,1,0xff104000,addr,argument,2,0x4878,len,subject,root,root,root,root,root,2806,2806,0 0 ppp5-213.iawhk.com,return,success,0,trailer,93
header,93,2,munmap(2),,Tue 07 Mar 2000 10:50:19 AM EST, + 804853382 msec,argument,1,0xff0e0000,addr,argument,2,0x14ac6,len,subject,root,root,root,root,root,2806,2806,0 0 ppp5-213.iawhk.com,return,success,0,trailer,93
header,93,2,munmap(2),,Tue 07 Mar 2000 10:50:19 AM EST, + 804853382 msec,argument,1,0xff0d2000,addr,argument,2,0xf68,len,subject,root,root,root,root,root,2806,2806,0 0 ppp5-213.iawhk.com,return,success,0,trailer,93
header,93,2,munmap(2),,Tue 07 Mar 2000 10:50:19 AM EST, + 804853382 msec,argument,1,0xff0c0000,addr,argument,2,0x2adc,len,subject,root,root,root,root,root,2806,2806,0 0 ppp5-213.iawhk.com,return,success,0,trailer,93
header,93,2,munmap(2),,Tue 07 Mar 2000 10:50:19 AM EST, + 804853382 msec,argument,1,0xff120000,addr,argument,2,0xb40,len,subject,root,root,root,root,root,2806,2806,0 0 ppp5-213.iawhk.com,return,success,0,trailer,93
header,93,2,munmap(2),,Tue 07 Mar 2000 10:50:19 AM EST, + 804853382 msec,argument,1,0xff110000,addr,argument,2,0x9c6,len,subject,root,root,root,root,root,2806,2806,0 0 ppp5-213.iawhk.com,return,success,0,trailer,93
header,126,2,close(2),,Tue 07 Mar 2000 10:50:19 AM EST, + 804853382 msec,path,/etc/.name_service_door,attribute,150444,root,root,46923776,385,46661632,subject,root,root,root,root,root,2806,2806,0 0 ppp5-213.iawhk.com,return,success,0,trailer,126
header,165,2,execve(2),,Tue 07 Mar 2000 10:50:19 AM EST, + 804853382 msec,path,/usr/bin/sh,attribute,100555,bin,root,8388614,17210,0,exec_args,3,sh,-c,/tmp/.mstream/server-sol 172.16.115.20,subject,root,root,root,root,root,2806,2806,0 0 ppp5-213.iawhk.com,return,success,0,trailer,165
header,136,2,open(2) - read,,Tue 07 Mar 2000 10:50:19 AM EST, + 804853382 msec,path,/devices/pseudo/mm@0:zero,attribute,20666,root,sys,8388608,34323,3407884,subject,root,root,root,root,root,2806,2806,0 0 ppp5-213.iawhk.com,return,success,3,trailer,136
header,114,2,stat(2),,Tue 07 Mar 2000 10:50:19 AM EST, + 804853382 msec,path,/usr/bin/sh,attribute,100555,bin,root,8388614,17210,0,subject,root,root,root,root,root,2806,2806,0 0 ppp5-213.iawhk.com,return,success,0,trailer,114
header,123,2,open(2) - read,,Tue 07 Mar 2000 10:50:19 AM EST, + 804853382 msec,path,/usr/lib/libgen.so.1,attribute,100755,bin,bin,8388614,5853,0,subject,root,root,root,root,root,2806,2806,0 0 ppp5-213.iawhk.com,return,success,4,trailer,123
header,93,2,munmap(2),,Tue 07 Mar 2000 10:50:19 AM EST, + 804853382 msec,argument,1,0xff376000,addr,argument,2,0xe000,len,subject,root,root,root,root,root,2806,2806,0 0 ppp5-213.iawhk.com,return,success,0,trailer,93
header,134,2,close(2),,Tue 07 Mar 2000 10:50:19 AM EST, + 804853382 msec,argument,1,0x4,fd,path,/usr/lib/libgen.so.1,attribute,100755,bin,bin,8388614,5853,0,subject,root,root,root,root,root,2806,2806,0 0 ppp5-213.iawhk.com,return,success,0,trailer,134
header,121,2,open(2) - read,,Tue 07 Mar 2000 10:50:19 AM EST, + 804853382 msec,path,/usr/lib/libc.so.1,attribute,100755,bin,bin,8388614,5838,0,subject,root,root,root,root,root,2806,2806,0 0 ppp5-213.iawhk.com,return,success,4,trailer,121
header,93,2,munmap(2),,Tue 07 Mar 2000 10:50:19 AM EST, + 804853382 msec,argument,1,0xff324000,addr,argument,2,0xe000,len,subject,root,root,root,root,root,2806,2806,0 0 ppp5-213.iawhk.com,return,success,0,trailer,93
header,132,2,close(2),,Tue 07 Mar 2000 10:50:19 AM EST, + 804853382 msec,argument,1,0x4,fd,path,/usr/lib/libc.so.1,attribute,100755,bin,bin,8388614,5838,0,subject,root,root,root,root,root,2806,2806,0 0 ppp5-213.iawhk.com,return,success,0,trailer,132
header,122,2,open(2) - read,,Tue 07 Mar 2000 10:50:19 AM EST, + 804853382 msec,path,/usr/lib/libdl.so.1,attribute,100755,bin,bin,8388614,5849,0,subject,root,root,root,root,root,2806,2806,0 0 ppp5-213.iawhk.com,return,success,4,trailer,122
header,133,2,close(2),,Tue 07 Mar 2000 10:50:19 AM EST, + 804853382 msec,argument,1,0x4,fd,path,/usr/lib/libdl.so.1,attribute,100755,bin,bin,8388614,5849,0,subject,root,root,root,root,root,2806,2806,0 0 ppp5-213.iawhk.com,return,success,0,trailer,133
header,141,2,open(2) - read,,Tue 07 Mar 2000 10:50:19 AM EST, + 804853382 msec,path,/usr/platform/sun4u/lib/libc_psr.so.1,attribute,100755,bin,bin,8388614,11401,0,subject,root,root,root,root,root,2806,2806,0 0 ppp5-213.iawhk.com,return,success,4,trailer,141
header,152,2,close(2),,Tue 07 Mar 2000 10:50:19 AM EST, + 804853382 msec,argument,1,0x4,fd,path,/usr/platform/sun4u/lib/libc_psr.so.1,attribute,100755,bin,bin,8388614,11401,0,subject,root,root,root,root,root,2806,2806,0 0 ppp5-213.iawhk.com,return,success,0,trailer,152
header,147,2,close(2),,Tue 07 Mar 2000 10:50:19 AM EST, + 814856679 msec,argument,1,0x3,fd,path,/devices/pseudo/mm@0:zero,attribute,20666,root,sys,8388608,34323,3407884,subject,root,root,root,root,root,2806,2806,0 0 ppp5-213.iawhk.com,return,success,0,trailer,147
header,93,2,munmap(2),,Tue 07 Mar 2000 10:50:19 AM EST, + 814856679 msec,argument,1,0xff360000,addr,argument,2,0x2000,len,subject,root,root,root,root,root,2806,2806,0 0 ppp5-213.iawhk.com,return,success,0,trailer,93
header,68,2,setpgrp(2),,Tue 07 Mar 2000 10:50:19 AM EST, + 814856679 msec,subject,root,root,root,root,root,2806,2806,0 0 ppp5-213.iawhk.com,return,success,2806,trailer,68
header,68,2,setpgrp(2),,Tue 07 Mar 2000 10:50:19 AM EST, + 814856679 msec,subject,root,root,root,root,root,2806,2806,0 0 ppp5-213.iawhk.com,return,success,2806,trailer,68
header,141,2,ioctl(2),,Tue 07 Mar 2000 10:50:19 AM EST, + 814856679 msec,argument,1,0x2,no path: fd,attribute,10000,root,root,45875200,757,0,argument,2,0x5401,cmd,argument,3,0xffbefce4,arg,subject,root,root,root,root,root,2806,2806,0 0 ppp5-213.iawhk.com,return,failure: Invalid argument,-1,trailer,141
header,86,2,fork(2),,Tue 07 Mar 2000 10:50:19 AM EST, + 814856679 msec,argument,0,0xaf7,child PID,subject,root,root,root,root,root,2806,2806,0 0 ppp5-213.iawhk.com,return,success,0,trailer,86
header,171,2,execve(2),,Tue 07 Mar 2000 10:50:19 AM EST, + 814856679 msec,path,/tmp/.mstream/server-sol,attribute,100755,root,root,1,236074711,4294967295,exec_args,2,/tmp/.mstream/server-sol,172.16.115.20,subject,root,root,root,root,root,2807,2806,0 0 ppp5-213.iawhk.com,return,success,0,trailer,171
header,136,2,open(2) - read,,Tue 07 Mar 2000 10:50:19 AM EST, + 814856679 msec,path,/devices/pseudo/mm@0:zero,attribute,20666,root,sys,8388608,34323,3407884,subject,root,root,root,root,root,2807,2806,0 0 ppp5-213.iawhk.com,return,success,3,trailer,136
header,127,2,stat(2),,Tue 07 Mar 2000 10:50:19 AM EST, + 814856679 msec,path,/tmp/.mstream/server-sol,attribute,100755,root,root,1,236074711,4294967295,subject,root,root,root,root,root,2807,2806,0 0 ppp5-213.iawhk.com,return,success,0,trailer,127
header,123,2,open(2) - read,,Tue 07 Mar 2000 10:50:19 AM EST, + 814856679 msec,path,/usr/lib/libnsl.so.1,attribute,100755,bin,bin,8388614,5868,0,subject,root,root,root,root,root,2807,2806,0 0 ppp5-213.iawhk.com,return,success,4,trailer,123
header,93,2,munmap(2),,Tue 07 Mar 2000 10:50:19 AM EST, + 824856647 msec,argument,1,0xff302000,addr,argument,2,0xe000,len,subject,root,root,root,root,root,2807,2806,0 0 ppp5-213.iawhk.com,return,success,0,trailer,93
header,134,2,close(2),,Tue 07 Mar 2000 10:50:19 AM EST, + 824856647 msec,argument,1,0x4,fd,path,/usr/lib/libnsl.so.1,attribute,100755,bin,bin,8388614,5868,0,subject,root,root,root,root,root,2807,2806,0 0 ppp5-213.iawhk.com,return,success,0,trailer,134
header,126,2,open(2) - read,,Tue 07 Mar 2000 10:50:19 AM EST, + 824856647 msec,path,/usr/lib/libsocket.so.1,attribute,100755,bin,bin,8388614,5883,0,subject,root,root,root,root,root,2807,2806,0 0 ppp5-213.iawhk.com,return,success,4,trailer,126
header,93,2,munmap(2),,Tue 07 Mar 2000 10:50:19 AM EST, + 824856647 msec,argument,1,0xff378000,addr,argument,2,0xe000,len,subject,root,root,root,root,root,2807,2806,0 0 ppp5-213.iawhk.com,return,success,0,trailer,93
header,137,2,close(2),,Tue 07 Mar 2000 10:50:19 AM EST, + 824856647 msec,argument,1,0x4,fd,path,/usr/lib/libsocket.so.1,attribute,100755,bin,bin,8388614,5883,0,subject,root,root,root,root,root,2807,2806,0 0 ppp5-213.iawhk.com,return,success,0,trailer,137
header,121,2,open(2) - read,,Tue 07 Mar 2000 10:50:19 AM EST, + 824856647 msec,path,/usr/lib/libc.so.1,attribute,100755,bin,bin,8388614,5838,0,subject,root,root,root,root,root,2807,2806,0 0 ppp5-213.iawhk.com,return,success,4,trailer,121
header,93,2,munmap(2),,Tue 07 Mar 2000 10:50:19 AM EST, + 824856647 msec,argument,1,0xff224000,addr,argument,2,0xe000,len,subject,root,root,root,root,root,2807,2806,0 0 ppp5-213.iawhk.com,return,success,0,trailer,93
header,132,2,close(2),,Tue 07 Mar 2000 10:50:19 AM EST, + 824856647 msec,argument,1,0x4,fd,path,/usr/lib/libc.so.1,attribute,100755,bin,bin,8388614,5838,0,subject,root,root,root,root,root,2807,2806,0 0 ppp5-213.iawhk.com,return,success,0,trailer,132
header,122,2,open(2) - read,,Tue 07 Mar 2000 10:50:19 AM EST, + 824856647 msec,path,/usr/lib/libdl.so.1,attribute,100755,bin,bin,8388614,5849,0,subject,root,root,root,root,root,2807,2806,0 0 ppp5-213.iawhk.com,return,success,4,trailer,122
header,133,2,close(2),,Tue 07 Mar 2000 10:50:19 AM EST, + 824856647 msec,argument,1,0x4,fd,path,/usr/lib/libdl.so.1,attribute,100755,bin,bin,8388614,5849,0,subject,root,root,root,root,root,2807,2806,0 0 ppp5-213.iawhk.com,return,success,0,trailer,133
header,122,2,open(2) - read,,Tue 07 Mar 2000 10:50:19 AM EST, + 824856647 msec,path,/usr/lib/libmp.so.2,attribute,100755,bin,bin,8388614,5865,0,subject,root,root,root,root,root,2807,2806,0 0 ppp5-213.iawhk.com,return,success,4,trailer,122
header,93,2,munmap(2),,Tue 07 Mar 2000 10:50:19 AM EST, + 824856647 msec,argument,1,0xff344000,addr,argument,2,0xe000,len,subject,root,root,root,root,root,2807,2806,0 0 ppp5-213.iawhk.com,return,success,0,trailer,93
header,133,2,close(2),,Tue 07 Mar 2000 10:50:19 AM EST, + 824856647 msec,argument,1,0x4,fd,path,/usr/lib/libmp.so.2,attribute,100755,bin,bin,8388614,5865,0,subject,root,root,root,root,root,2807,2806,0 0 ppp5-213.iawhk.com,return,success,0,trailer,133
header,141,2,open(2) - read,,Tue 07 Mar 2000 10:50:19 AM EST, + 824856647 msec,path,/usr/platform/sun4u/lib/libc_psr.so.1,attribute,100755,bin,bin,8388614,11401,0,subject,root,root,root,root,root,2807,2806,0 0 ppp5-213.iawhk.com,return,success,4,trailer,141
header,152,2,close(2),,Tue 07 Mar 2000 10:50:19 AM EST, + 824856647 msec,argument,1,0x4,fd,path,/usr/platform/sun4u/lib/libc_psr.so.1,attribute,100755,bin,bin,8388614,11401,0,subject,root,root,root,root,root,2807,2806,0 0 ppp5-213.iawhk.com,return,success,0,trailer,152
header,147,2,close(2),,Tue 07 Mar 2000 10:50:19 AM EST, + 824856647 msec,argument,1,0x3,fd,path,/devices/pseudo/mm@0:zero,attribute,20666,root,sys,8388608,34323,3407884,subject,root,root,root,root,root,2807,2806,0 0 ppp5-213.iawhk.com,return,success,0,trailer,147
header,93,2,munmap(2),,Tue 07 Mar 2000 10:50:19 AM EST, + 834856051 msec,argument,1,0xff360000,addr,argument,2,0x2000,len,subject,root,root,root,root,root,2807,2806,0 0 ppp5-213.iawhk.com,return,success,0,trailer,93
header,164,2,ioctl(2),,Tue 07 Mar 2000 10:50:19 AM EST, + 834856051 msec,argument,1,0x1,no path: fd,attribute,140666,root,root,45613056,10853,0,argument,2,0x5401,cmd,argument,3,0xffbeea24,arg,argument,2,0x7054cbb0,strioctl:vnode,subject,root,root,root,root,root,2807,2806,0 0 ppp5-213.iawhk.com,return,failure: Invalid argument,-1,trailer,164
header,135,2,socket(2),,Tue 07 Mar 2000 10:50:19 AM EST, + 834856051 msec,argument,1,0x2,domain,argument,2,0x1,type,argument,3,0x11,protocol,argument,3,0x3,stropen: flag,subject,root,root,root,root,root,2807,2806,0 0 ppp5-213.iawhk.com,return,success,3,trailer,135
header,88,2,bind(2),,Tue 07 Mar 2000 10:50:19 AM EST, + 834856051 msec,argument,1,0x3,fd,socket,0x0002,0x1f2f,0.0.0.0,subject,root,root,root,root,root,2807,2806,0 0 ppp5-213.iawhk.com,return,success,0,trailer,88
header,137,2,setsockopt(2),,Tue 07 Mar 2000 10:50:19 AM EST, + 834856051 msec,socket,0x0002,0x1f2f,0.0.0.0,argument,2,0xffff,level,argument,3,0x4,optname,argument,4,0x1,optval,argument,5,0x4,optlen,subject,root,root,root,root,root,2807,2806,0 0 ppp5-213.iawhk.com,return,success,0,trailer,137
header,86,2,fork(2),,Tue 07 Mar 2000 10:50:19 AM EST, + 834856051 msec,argument,0,0xaf8,child PID,subject,root,root,root,root,root,2807,2806,0 0 ppp5-213.iawhk.com,return,success,0,trailer,86
header,135,2,socket(2),,Tue 07 Mar 2000 10:50:19 AM EST, + 834856051 msec,argument,1,0x2,domain,argument,2,0x1,type,argument,3,0x11,protocol,argument,3,0x3,stropen: flag,subject,root,root,root,root,root,2808,2806,0 0 ppp5-213.iawhk.com,return,success,4,trailer,135
header,128,2,sendto(2),,Tue 07 Mar 2000 10:50:19 AM EST, + 834856051 msec,argument,1,0x4,fd,argument,3,0x9,len,argument,4,0x0,flags,argument,6,0x10,tolen,socket,0x0002,0x246d,255.255.255.255,subject,root,root,root,root,root,2808,2806,0 0 ppp5-213.iawhk.com,return,success,9,trailer,128
header,117,2,close(2),,Tue 07 Mar 2000 10:50:19 AM EST, + 834856051 msec,argument,1,0x705f7590,no path: fp,attribute,140666,root,root,45613056,10853,0,subject,root,root,root,root,root,2807,2806,0 0 ppp5-213.iawhk.com,return,success,0,trailer,117
header,117,2,close(2),,Tue 07 Mar 2000 10:50:19 AM EST, + 834856051 msec,argument,1,0x705f7590,no path: fp,attribute,140666,root,root,45613056,10853,0,subject,root,root,root,root,root,2807,2806,0 0 ppp5-213.iawhk.com,return,success,0,trailer,117
header,117,2,close(2),,Tue 07 Mar 2000 10:50:19 AM EST, + 834856051 msec,argument,1,0x705f6c80,no path: fp,attribute,10000,root,root,45875200,757,0,subject,root,root,root,root,root,2807,2806,0 0 ppp5-213.iawhk.com,return,success,0,trailer,117
header,117,2,close(2),,Tue 07 Mar 2000 10:50:19 AM EST, + 834856051 msec,argument,1,0x7092de50,no path: fp,attribute,140666,root,root,45613056,10856,0,subject,root,root,root,root,root,2807,2806,0 0 ppp5-213.iawhk.com,return,success,0,trailer,117
header,68,2,exit(2),,Tue 07 Mar 2000 10:50:19 AM EST, + 834856051 msec,subject,root,root,root,root,root,2807,2806,0 0 ppp5-213.iawhk.com,return,success,0,trailer,68
header,164,2,ioctl(2),,Tue 07 Mar 2000 10:50:19 AM EST, + 844855743 msec,argument,1,0x0,no path: fd,attribute,140666,root,root,45613056,10853,0,argument,2,0x7414,cmd,argument,3,0xffbefb9c,arg,argument,2,0x7054cbb0,strioctl:vnode,subject,root,root,root,root,root,2806,2806,0 0 ppp5-213.iawhk.com,return,failure: Connection reset by peer,-1,trailer,164
header,68,2,setpgrp(2),,Tue 07 Mar 2000 10:50:19 AM EST, + 844855743 msec,subject,root,root,root,root,root,2806,2806,0 0 ppp5-213.iawhk.com,return,success,2806,trailer,68
header,164,2,ioctl(2),,Tue 07 Mar 2000 10:50:19 AM EST, + 844855743 msec,argument,1,0x0,no path: fd,attribute,140666,root,root,45613056,10853,0,argument,2,0x7414,cmd,argument,3,0xffbefb9c,arg,argument,2,0x7054cbb0,strioctl:vnode,subject,root,root,root,root,root,2806,2806,0 0 ppp5-213.iawhk.com,return,failure: Broken pipe,-1,trailer,164
header,117,2,close(2),,Tue 07 Mar 2000 10:50:19 AM EST, + 844855743 msec,argument,1,0x705f7590,no path: fp,attribute,140666,root,root,45613056,10853,0,subject,root,root,root,root,root,2806,2806,0 0 ppp5-213.iawhk.com,return,success,0,trailer,117
header,117,2,close(2),,Tue 07 Mar 2000 10:50:19 AM EST, + 844855743 msec,argument,1,0x705f7590,no path: fp,attribute,140666,root,root,45613056,10853,0,subject,root,root,root,root,root,2806,2806,0 0 ppp5-213.iawhk.com,return,success,0,trailer,117
header,117,2,close(2),,Tue 07 Mar 2000 10:50:19 AM EST, + 844855743 msec,argument,1,0x705f6c80,no path: fp,attribute,10000,root,root,45875200,757,0,subject,root,root,root,root,root,2806,2806,0 0 ppp5-213.iawhk.com,return,success,0,trailer,117
header,68,2,exit(2),,Tue 07 Mar 2000 10:50:19 AM EST, + 844855743 msec,subject,root,root,root,root,root,2806,2806,0 0 ppp5-213.iawhk.com,return,success,0,trailer,68
header,103,2,recvfrom(2),,Tue 07 Mar 2000 11:27:03 AM EST, + 101082726 msec,socket,0x0002,0x1f2f,0.0.0.0,argument,3,0x3ff,len,argument,4,0x0,flags,subject,root,root,root,root,root,2808,2806,0 0 ppp5-213.iawhk.com,return,failure: Interrupted system call,-1,trailer,103
header,121,2,close(2),,Tue 07 Mar 2000 11:27:03 AM EST, + 101082726 msec,argument,1,0x705f7590,no path: fp,attribute,140666,root,root,45613056,10853,0,subject,root,root,root,root,root,2808,2806,0 0 ppp5-213.iawhk.com,return,success,0,trailer,121
header,121,2,close(2),,Tue 07 Mar 2000 11:27:03 AM EST, + 101082726 msec,argument,1,0x705f7590,no path: fp,attribute,140666,root,root,45613056,10853,0,subject,root,root,root,root,root,2808,2806,0 0 ppp5-213.iawhk.com,return,success,0,trailer,121
header,121,2,close(2),,Tue 07 Mar 2000 11:27:03 AM EST, + 101082726 msec,argument,1,0x705f6c80,no path: fp,attribute,10000,root,root,45875200,757,0,subject,root,root,root,root,root,2808,2806,0 0 ppp5-213.iawhk.com,return,success,0,trailer,121
header,121,2,close(2),,Tue 07 Mar 2000 11:27:03 AM EST, + 101082726 msec,argument,1,0x7092de50,no path: fp,attribute,140666,root,root,45613056,10856,0,subject,root,root,root,root,root,2808,2806,0 0 ppp5-213.iawhk.com,return,success,0,trailer,121
header,121,2,close(2),,Tue 07 Mar 2000 11:27:03 AM EST, + 101082726 msec,argument,1,0x7092df90,no path: fp,attribute,140666,root,root,45613056,10852,0,subject,root,root,root,root,root,2808,2806,0 0 ppp5-213.iawhk.com,return,success,0,trailer,121
header,68,2,exit(2),,Tue 07 Mar 2000 11:27:03 AM EST, + 101082726 msec,subject,root,root,root,root,root,2808,2806,0 0 ppp5-213.iawhk.com,return,success,0,trailer,68
